Log file open, 12/15/22 14:55:25
LogWindows: Failed to load 'aqProf.dll' (GetLastError=126)
LogWindows: File 'aqProf.dll' does not exist
LogWindows: Failed to load 'VtuneApi.dll' (GetLastError=126)
LogWindows: File 'VtuneApi.dll' does not exist
LogWindows: Failed to load 'VtuneApi32e.dll' (GetLastError=126)
LogWindows: File 'VtuneApi32e.dll' does not exist
LogConsoleResponse: Display: Failed to find resolution value strings in scalability ini. Falling back to default.
LogConsoleResponse: Display: Failed to find resolution value strings in scalability ini. Falling back to default.
LogInit: Display: Running engine for game: ProjectBunny
LogPlatformFile: Not using cached read wrapper
LogTaskGraph: Started task graph with 5 named threads and 47 total threads with 3 sets of task threads.
LogStats: Stats thread started at 1.594751
LogICUInternationalization: ICU TimeZone Detection - Raw Offset: +7:00, Platform Override: ''
LogInit: Display: Loading text-based GConfig....
LogPluginManager: Mounting plugin MeshPainting
LogPluginManager: Mounting plugin XGEController
LogPluginManager: Mounting plugin Paper2D
LogPluginManager: Mounting plugin LiveLink
LogPluginManager: Mounting plugin EnvironmentQueryEditor
LogPluginManager: Mounting plugin OodleData
LogPluginManager: Mounting plugin CameraShakePreviewer
LogPluginManager: Mounting plugin OodleNetwork
LogPluginManager: Mounting plugin AISupport
LogPluginManager: Mounting plugin GameplayCameras
LogPluginManager: Mounting plugin LightPropagationVolume
LogPluginManager: Mounting plugin DatasmithContent
LogPluginManager: Mounting plugin VariantManagerContent
LogPluginManager: Mounting plugin AssetManagerEditor
LogPluginManager: Mounting plugin CryptoKeys
LogPluginManager: Mounting plugin CurveEditorTools
LogPluginManager: Mounting plugin DataValidation
LogPluginManager: Mounting plugin GeometryMode
LogPluginManager: Mounting plugin FacialAnimation
LogPluginManager: Mounting plugin MacGraphicsSwitching
LogPluginManager: Mounting plugin MaterialAnalyzer
LogPluginManager: Mounting plugin MobileLauncherProfileWizard
LogPluginManager: Mounting plugin PluginBrowser
LogPluginManager: Mounting plugin SpeedTreeImporter
LogPluginManager: Mounting plugin Niagara
LogPluginManager: Mounting plugin AlembicImporter
LogPluginManager: Mounting plugin AutomationUtils
LogPluginManager: Mounting plugin BackChannel
LogPluginManager: Mounting plugin ChaosCloth
LogPluginManager: Mounting plugin ChaosClothEditor
LogPluginManager: Mounting plugin ChaosNiagara
LogPluginManager: Mounting plugin ChaosSolverPlugin
LogPluginManager: Mounting plugin ChaosEditor
LogPluginManager: Mounting plugin CharacterAI
LogPluginManager: Mounting plugin GameplayTagsEditor
LogPluginManager: Mounting plugin GeometryCache
LogPluginManager: Mounting plugin GeometryCollectionPlugin
LogPluginManager: Mounting plugin LuminPlatformFeatures
LogPluginManager: Mounting plugin MagicLeap
LogPluginManager: Mounting plugin GeometryProcessing
LogPluginManager: Mounting plugin MotoSynth
LogPluginManager: Mounting plugin OpenImageDenoise
LogPluginManager: Mounting plugin PlanarCut
LogPluginManager: Mounting plugin PlatformCrypto
LogPluginManager: Mounting plugin ProxyLODPlugin
LogPluginManager: Mounting plugin PythonScriptPlugin
LogPluginManager: Mounting plugin MagicLeapMedia
LogPluginManager: Mounting plugin MagicLeapLightEstimation
LogPluginManager: Mounting plugin SkeletalReduction
LogPluginManager: Mounting plugin MagicLeapPassableWorld
LogPluginManager: Mounting plugin MLSDK
LogPluginManager: Mounting plugin TcpMessaging
LogPluginManager: Mounting plugin UdpMessaging
LogPluginManager: Mounting plugin AndroidMedia
LogPluginManager: Mounting plugin AvfMedia
LogPluginManager: Mounting plugin ImgMedia
LogPluginManager: Mounting plugin MediaPlayerEditor
LogPluginManager: Mounting plugin WebMMedia
LogPluginManager: Mounting plugin WmfMedia
LogPluginManager: Mounting plugin OnlineSubsystem
LogPluginManager: Mounting plugin OnlineSubsystemNull
LogPluginManager: Mounting plugin OnlineSubsystemUtils
LogPluginManager: Mounting plugin ActorSequence
LogPluginManager: Mounting plugin ActorLayerUtilities
LogPluginManager: Mounting plugin AndroidDeviceProfileSelector
LogPluginManager: Mounting plugin AndroidMoviePlayer
LogPluginManager: Mounting plugin AndroidPermission
LogPluginManager: Mounting plugin AppleImageUtils
LogPluginManager: Mounting plugin AppleMoviePlayer
LogPluginManager: Mounting plugin ArchVisCharacter
LogPluginManager: Mounting plugin AssetTags
LogPluginManager: Mounting plugin AudioCapture
LogPluginManager: Mounting plugin AudioSynesthesia
LogPluginManager: Mounting plugin ChunkDownloader
LogPluginManager: Mounting plugin LauncherChunkInstaller
LogPluginManager: Mounting plugin CableComponent
LogPluginManager: Mounting plugin CustomMeshComponent
LogPluginManager: Mounting plugin EditableMesh
LogPluginManager: Mounting plugin ExampleDeviceProfileSelector
LogPluginManager: Mounting plugin LevelSequenceEditor
LogPluginManager: Mounting plugin MatineeToLevelSequence
LogPluginManager: Mounting plugin GoogleCloudMessaging
LogPluginManager: Mounting plugin GooglePAD
LogPluginManager: Mounting plugin TemplateSequence
LogPluginManager: Mounting plugin ScreenshotTools
LogPluginManager: Mounting plugin IOSDeviceProfileSelector
LogPluginManager: Mounting plugin LinuxDeviceProfileSelector
LogPluginManager: Mounting plugin LocationServicesBPLibrary
LogPluginManager: Mounting plugin MobilePatchingUtils
LogPluginManager: Mounting plugin OpenXR
LogPluginManager: Mounting plugin OpenXREyeTracker
LogPluginManager: Mounting plugin OpenXRHandTracking
LogPluginManager: Mounting plugin PhysXVehicles
LogPluginManager: Mounting plugin PostSplashScreen
LogPluginManager: Mounting plugin ProceduralMeshComponent
LogPluginManager: Mounting plugin PropertyAccessEditor
LogPluginManager: Mounting plugin MediaCompositing
LogPluginManager: Mounting plugin RuntimePhysXCooking
LogPluginManager: Mounting plugin SignificanceManager
LogPluginManager: Mounting plugin SoundFields
LogPluginManager: Mounting plugin Synthesis
LogPluginManager: Mounting plugin WebMMoviePlayer
LogPluginManager: Mounting plugin WindowsMoviePlayer
LogPluginManager: Mounting plugin Takes
LogPluginManager: Mounting plugin CLionSourceCodeAccess
LogPluginManager: Mounting plugin AnimationSharing
LogPluginManager: Mounting plugin CodeLiteSourceCodeAccess
LogPluginManager: Mounting plugin KDevelopSourceCodeAccess
LogPluginManager: Mounting plugin GitSourceControl
LogPluginManager: Mounting plugin NullSourceCodeAccess
LogPluginManager: Mounting plugin PixWinPlugin
LogPluginManager: Mounting plugin PerforceSourceControl
LogPluginManager: Mounting plugin PlasticSourceControl
LogPluginManager: Mounting plugin PropertyAccessNode
LogPluginManager: Mounting plugin RiderSourceCodeAccess
LogPluginManager: Mounting plugin PluginUtils
LogPluginManager: Mounting plugin SubversionSourceControl
LogPluginManager: Mounting plugin TextureFormatOodle
LogPluginManager: Mounting plugin UObjectPlugin
LogPluginManager: Mounting plugin VisualStudioCodeSourceCodeAccess
LogPluginManager: Mounting plugin XCodeSourceCodeAccess
LogPluginManager: Mounting plugin VisualStudioSourceCodeAccess
LogPluginManager: Mounting plugin ContentBrowserAssetDataSource
LogPluginManager: Mounting plugin ContentBrowserClassDataSource
LogPluginManager: Mounting plugin ContentBrowserFileDataSource
LogPluginManager: Mounting plugin OnlineSubsystemGooglePlay
LogPluginManager: Mounting plugin OnlineSubsystemIOS
LogPluginManager: Mounting plugin OculusVR
LogPluginManager: Mounting plugin SteamVR
LogInit: Using libcurl 7.55.1-DEV
LogInit:  - built for x86_64-pc-win32
LogInit:  - supports SSL with OpenSSL/1.1.1
LogInit:  - supports HTTP deflate (compression) using libz 1.2.8
LogInit:  - other features:
LogInit:      CURL_VERSION_SSL
LogInit:      CURL_VERSION_LIBZ
LogInit:      CURL_VERSION_IPV6
LogInit:      CURL_VERSION_ASYNCHDNS
LogInit:      CURL_VERSION_LARGEFILE
LogInit:      CURL_VERSION_IDN
LogInit:  CurlRequestOptions (configurable via config and command line):
LogInit:  - bVerifyPeer = true  - Libcurl will verify peer certificate
LogInit:  - bUseHttpProxy = false  - Libcurl will NOT use HTTP proxy
LogInit:  - bDontReuseConnections = false  - Libcurl will reuse connections
LogInit:  - MaxHostConnections = 16  - Libcurl will limit the number of connections to a host
LogInit:  - LocalHostAddr = Default
LogInit:  - BufferSize = 65536
LogOnline: OSS: Creating online subsystem instance for: NULL
LogInit: WinSock: version 1.1 (2.2), MaxSocks=32767, MaxUdp=65467
LogOnline: OSS: TryLoadSubsystemAndSetDefault: Loaded subsystem for module [NULL]
PixWinPlugin: PIX capture plugin failed to initialize! Check that the process is launched from PIX.
LogOculusPluginWrapper: OculusPlugin initialized successfully
LogHMD: Failed initializing OVRPlugin 1.59.0
LogInit: Build: ++UE4+Release-4.27-CL-18319896
LogInit: Engine Version: 4.27.2-18319896+++UE4+Release-4.27
LogInit: Compatible Engine Version: 4.27.0-17155196+++UE4+Release-4.27
LogInit: Net CL: 17155196
LogInit: OS: Windows 10 (Release 1903) (), CPU: AMD Ryzen 7 5800X 8-Core Processor             , GPU: NVIDIA GeForce GTX 1050 Ti
LogInit: Compiled (64-bit): Nov 30 2021 07:12:08
LogInit: Compiled with Visual C++: 19.24.28315.00
LogInit: Build Configuration: Development
LogInit: Branch Name: ++UE4+Release-4.27
LogInit: Command Line: 
LogInit: Base Directory: D:/UnrealEngine/UE_4.27/Engine/Binaries/Win64/
LogInit: Allocator: TBB
LogInit: Installed Engine Build: 1
LogDevObjectVersion: Number of dev versions registered: 29
LogDevObjectVersion:   Dev-Blueprints (B0D832E4-1F89-4F0D-ACCF-7EB736FD4AA2): 10
LogDevObjectVersion:   Dev-Build (E1C64328-A22C-4D53-A36C-8E866417BD8C): 0
LogDevObjectVersion:   Dev-Core (375EC13C-06E4-48FB-B500-84F0262A717E): 4
LogDevObjectVersion:   Dev-Editor (E4B068ED-F494-42E9-A231-DA0B2E46BB41): 40
LogDevObjectVersion:   Dev-Framework (CFFC743F-43B0-4480-9391-14DF171D2073): 37
LogDevObjectVersion:   Dev-Mobile (B02B49B5-BB20-44E9-A304-32B752E40360): 3
LogDevObjectVersion:   Dev-Networking (A4E4105C-59A1-49B5-A7C5-40C4547EDFEE): 0
LogDevObjectVersion:   Dev-Online (39C831C9-5AE6-47DC-9A44-9C173E1C8E7C): 0
LogDevObjectVersion:   Dev-Physics (78F01B33-EBEA-4F98-B9B4-84EACCB95AA2): 14
LogDevObjectVersion:   Dev-Platform (6631380F-2D4D-43E0-8009-CF276956A95A): 0
LogDevObjectVersion:   Dev-Rendering (12F88B9F-8875-4AFC-A67C-D90C383ABD29): 45
LogDevObjectVersion:   Dev-Sequencer (7B5AE74C-D270-4C10-A958-57980B212A5A): 13
LogDevObjectVersion:   Dev-VR (D7296918-1DD6-4BDD-9DE2-64A83CC13884): 3
LogDevObjectVersion:   Dev-LoadTimes (C2A15278-BFE7-4AFE-6C17-90FF531DF755): 1
LogDevObjectVersion:   Private-Geometry (6EACA3D4-40EC-4CC1-B786-8BED09428FC5): 3
LogDevObjectVersion:   Dev-AnimPhys (29E575DD-E0A3-4627-9D10-D276232CDCEA): 17
LogDevObjectVersion:   Dev-Anim (AF43A65D-7FD3-4947-9873-3E8ED9C1BB05): 15
LogDevObjectVersion:   Dev-ReflectionCapture (6B266CEC-1EC7-4B8F-A30B-E4D90942FC07): 1
LogDevObjectVersion:   Dev-Automation (0DF73D61-A23F-47EA-B727-89E90C41499A): 1
LogDevObjectVersion:   FortniteMain (601D1886-AC64-4F84-AA16-D3DE0DEAC7D6): 47
LogDevObjectVersion:   FortniteRelease (E7086368-6B23-4C58-8439-1B7016265E91): 1
LogDevObjectVersion:   Dev-Enterprise (9DFFBCD6-494F-0158-E221-12823C92A888): 10
LogDevObjectVersion:   Dev-Niagara (F2AED0AC-9AFE-416F-8664-AA7FFA26D6FC): 1
LogDevObjectVersion:   Dev-Destruction (174F1F0B-B4C6-45A5-B13F-2EE8D0FB917D): 10
LogDevObjectVersion:   Dev-Physics-Ext (35F94A83-E258-406C-A318-09F59610247C): 41
LogDevObjectVersion:   Dev-PhysicsMaterial-Chaos (B68FC16E-8B1B-42E2-B453-215C058844FE): 1
LogDevObjectVersion:   Dev-CineCamera (B2E18506-4273-CFC2-A54E-F4BB758BBA07): 1
LogDevObjectVersion:   Dev-VirtualProduction (64F58936-FD1B-42BA-BA96-7289D5D0FA4E): 1
LogDevObjectVersion:   Dev-MediaFramework (6F0ED827-A609-4895-9C91-998D90180EA4): 2
LogInit: Presizing for max 25165824 objects, including 0 objects not considered by GC, pre-allocating 0 bytes for permanent pool.
LogConfig: Applying CVar settings from Section [/Script/Engine.StreamingSettings] File [D:/GameProject/ProjectBunny/Saved/Config/Windows/Engine.ini]
LogConfig: Setting CVar [[s.MinBulkDataSizeForAsyncLoading:131072]]
LogConfig: Setting CVar [[s.AsyncLoadingThreadEnabled:0]]
LogConfig: Setting CVar [[s.EventDrivenLoaderEnabled:1]]
LogConfig: Setting CVar [[s.WarnIfTimeLimitExceeded:0]]
LogConfig: Setting CVar [[s.TimeLimitExceededMultiplier:1.5]]
LogConfig: Setting CVar [[s.TimeLimitExceededMinTime:0.005]]
LogConfig: Setting CVar [[s.UseBackgroundLevelStreaming:1]]
LogConfig: Setting CVar [[s.PriorityAsyncLoadingExtraTime:15.0]]
LogConfig: Setting CVar [[s.LevelStreamingActorsUpdateTimeLimit:5.0]]
LogConfig: Setting CVar [[s.PriorityLevelStreamingActorsUpdateExtraTime:5.0]]
LogConfig: Setting CVar [[s.LevelStreamingComponentsRegistrationGranularity:10]]
LogConfig: Setting CVar [[s.UnregisterComponentsTimeLimit:1.0]]
LogConfig: Setting CVar [[s.LevelStreamingComponentsUnregistrationGranularity:5]]
LogConfig: Setting CVar [[s.FlushStreamingOnExit:1]]
LogInit: Object subsystem initialized
LogConfig: Setting CVar [[con.DebugEarlyDefault:1]]
LogConfig: Setting CVar [[r.setres:1280x720]]
[2022.12.15-07.55.25:995][  0]LogConfig: Setting CVar [[r.VSync:0]]
[2022.12.15-07.55.25:995][  0]LogConfig: Setting CVar [[r.RHICmdBypass:0]]
[2022.12.15-07.55.25:995][  0]LogConfig: Applying CVar settings from Section [/Script/Engine.RendererSettings] File [D:/GameProject/ProjectBunny/Saved/Config/Windows/Engine.ini]
[2022.12.15-07.55.25:995][  0]LogConfig: Setting CVar [[r.GPUCrashDebugging:0]]
[2022.12.15-07.55.25:995][  0]LogConfig: Applying CVar settings from Section [/Script/Engine.RendererOverrideSettings] File [D:/GameProject/ProjectBunny/Saved/Config/Windows/Engine.ini]
[2022.12.15-07.55.25:995][  0]LogConfig: Applying CVar settings from Section [/Script/Engine.StreamingSettings] File [D:/GameProject/ProjectBunny/Saved/Config/Windows/Engine.ini]
[2022.12.15-07.55.25:995][  0]LogConfig: Setting CVar [[s.MinBulkDataSizeForAsyncLoading:131072]]
[2022.12.15-07.55.25:995][  0]LogConfig: Setting CVar [[s.AsyncLoadingThreadEnabled:0]]
[2022.12.15-07.55.25:995][  0]LogConfig: Setting CVar [[s.EventDrivenLoaderEnabled:1]]
[2022.12.15-07.55.25:995][  0]LogConfig: Setting CVar [[s.WarnIfTimeLimitExceeded:0]]
[2022.12.15-07.55.25:995][  0]LogConfig: Setting CVar [[s.TimeLimitExceededMultiplier:1.5]]
[2022.12.15-07.55.25:995][  0]LogConfig: Setting CVar [[s.TimeLimitExceededMinTime:0.005]]
[2022.12.15-07.55.25:995][  0]LogConfig: Setting CVar [[s.UseBackgroundLevelStreaming:1]]
[2022.12.15-07.55.25:995][  0]LogConfig: Setting CVar [[s.PriorityAsyncLoadingExtraTime:15.0]]
[2022.12.15-07.55.25:995][  0]LogConfig: Setting CVar [[s.LevelStreamingActorsUpdateTimeLimit:5.0]]
[2022.12.15-07.55.25:995][  0]LogConfig: Setting CVar [[s.PriorityLevelStreamingActorsUpdateExtraTime:5.0]]
[2022.12.15-07.55.25:995][  0]LogConfig: Setting CVar [[s.LevelStreamingComponentsRegistrationGranularity:10]]
[2022.12.15-07.55.25:995][  0]LogConfig: Setting CVar [[s.UnregisterComponentsTimeLimit:1.0]]
[2022.12.15-07.55.25:995][  0]LogConfig: Setting CVar [[s.LevelStreamingComponentsUnregistrationGranularity:5]]
[2022.12.15-07.55.25:995][  0]LogConfig: Setting CVar [[s.FlushStreamingOnExit:1]]
[2022.12.15-07.55.25:995][  0]LogConfig: Applying CVar settings from Section [/Script/Engine.GarbageCollectionSettings] File [D:/GameProject/ProjectBunny/Saved/Config/Windows/Engine.ini]
[2022.12.15-07.55.25:995][  0]LogConfig: Setting CVar [[gc.MaxObjectsNotConsideredByGC:1]]
[2022.12.15-07.55.25:995][  0]LogConfig: Setting CVar [[gc.SizeOfPermanentObjectPool:0]]
[2022.12.15-07.55.25:995][  0]LogConfig: Setting CVar [[gc.FlushStreamingOnGC:0]]
[2022.12.15-07.55.25:995][  0]LogConfig: Setting CVar [[gc.NumRetriesBeforeForcingGC:10]]
[2022.12.15-07.55.25:995][  0]LogConfig: Setting CVar [[gc.AllowParallelGC:1]]
[2022.12.15-07.55.25:995][  0]LogConfig: Setting CVar [[gc.TimeBetweenPurgingPendingKillObjects:61.1]]
[2022.12.15-07.55.25:995][  0]LogConfig: Setting CVar [[gc.MaxObjectsInEditor:25165824]]
[2022.12.15-07.55.25:995][  0]LogConfig: Setting CVar [[gc.IncrementalBeginDestroyEnabled:1]]
[2022.12.15-07.55.25:995][  0]LogConfig: Setting CVar [[gc.CreateGCClusters:1]]
[2022.12.15-07.55.25:995][  0]LogConfig: Setting CVar [[gc.MinGCClusterSize:5]]
[2022.12.15-07.55.25:995][  0]LogConfig: Setting CVar [[gc.ActorClusteringEnabled:0]]
[2022.12.15-07.55.25:995][  0]LogConfig: Setting CVar [[gc.BlueprintClusteringEnabled:0]]
[2022.12.15-07.55.25:995][  0]LogConfig: Setting CVar [[gc.UseDisregardForGCOnDedicatedServers:0]]
[2022.12.15-07.55.25:996][  0]LogConfig: Setting CVar [[gc.MultithreadedDestructionEnabled:1]]
[2022.12.15-07.55.25:996][  0]LogConfig: Applying CVar settings from Section [/Script/Engine.NetworkSettings] File [D:/GameProject/ProjectBunny/Saved/Config/Windows/Engine.ini]
[2022.12.15-07.55.25:996][  0]LogConfig: Applying CVar settings from Section [/Script/UnrealEd.CookerSettings] File [D:/GameProject/ProjectBunny/Saved/Config/Windows/Engine.ini]
[2022.12.15-07.55.26:001][  0]LogConfig: Applying CVar settings from Section [ViewDistanceQuality@3] File [D:/GameProject/ProjectBunny/Saved/Config/Windows/Scalability.ini]
[2022.12.15-07.55.26:001][  0]LogConfig: Setting CVar [[r.SkeletalMeshLODBias:0]]
[2022.12.15-07.55.26:001][  0]LogConfig: Setting CVar [[r.ViewDistanceScale:1.0]]
[2022.12.15-07.55.26:001][  0]LogConfig: Applying CVar settings from Section [AntiAliasingQuality@3] File [D:/GameProject/ProjectBunny/Saved/Config/Windows/Scalability.ini]
[2022.12.15-07.55.26:001][  0]LogConfig: Setting CVar [[r.PostProcessAAQuality:4]]
[2022.12.15-07.55.26:001][  0]LogConfig: Applying CVar settings from Section [ShadowQuality@3] File [D:/GameProject/ProjectBunny/Saved/Config/Windows/Scalability.ini]
[2022.12.15-07.55.26:001][  0]LogConfig: Setting CVar [[r.LightFunctionQuality:1]]
[2022.12.15-07.55.26:001][  0]LogConfig: Setting CVar [[r.ShadowQuality:5]]
[2022.12.15-07.55.26:001][  0]LogConfig: Setting CVar [[r.Shadow.CSM.MaxCascades:10]]
[2022.12.15-07.55.26:001][  0]LogConfig: Setting CVar [[r.Shadow.MaxResolution:2048]]
[2022.12.15-07.55.26:001][  0]LogConfig: Setting CVar [[r.Shadow.MaxCSMResolution:2048]]
[2022.12.15-07.55.26:001][  0]LogConfig: Setting CVar [[r.Shadow.RadiusThreshold:0.01]]
[2022.12.15-07.55.26:001][  0]LogConfig: Setting CVar [[r.Shadow.DistanceScale:1.0]]
[2022.12.15-07.55.26:001][  0]LogConfig: Setting CVar [[r.Shadow.CSM.TransitionScale:1.0]]
[2022.12.15-07.55.26:001][  0]LogConfig: Setting CVar [[r.Shadow.PreShadowResolutionFactor:1.0]]
[2022.12.15-07.55.26:001][  0]LogConfig: Setting CVar [[r.DistanceFieldShadowing:1]]
[2022.12.15-07.55.26:001][  0]LogConfig: Setting CVar [[r.DistanceFieldAO:1]]
[2022.12.15-07.55.26:001][  0]LogConfig: Setting CVar [[r.AOQuality:2]]
[2022.12.15-07.55.26:001][  0]LogConfig: Setting CVar [[r.VolumetricFog:1]]
[2022.12.15-07.55.26:001][  0]LogConfig: Setting CVar [[r.VolumetricFog.GridPixelSize:8]]
[2022.12.15-07.55.26:001][  0]LogConfig: Setting CVar [[r.VolumetricFog.GridSizeZ:128]]
[2022.12.15-07.55.26:001][  0]LogConfig: Setting CVar [[r.VolumetricFog.HistoryMissSupersampleCount:4]]
[2022.12.15-07.55.26:001][  0]LogConfig: Setting CVar [[r.LightMaxDrawDistanceScale:1]]
[2022.12.15-07.55.26:001][  0]LogConfig: Setting CVar [[r.CapsuleShadows:1]]
[2022.12.15-07.55.26:001][  0]LogConfig: Applying CVar settings from Section [PostProcessQuality@3] File [D:/GameProject/ProjectBunny/Saved/Config/Windows/Scalability.ini]
[2022.12.15-07.55.26:001][  0]LogConfig: Setting CVar [[r.MotionBlurQuality:4]]
[2022.12.15-07.55.26:001][  0]LogConfig: Setting CVar [[r.AmbientOcclusionMipLevelFactor:0.4]]
[2022.12.15-07.55.26:001][  0]LogConfig: Setting CVar [[r.AmbientOcclusionMaxQuality:100]]
[2022.12.15-07.55.26:001][  0]LogConfig: Setting CVar [[r.AmbientOcclusionLevels:-1]]
[2022.12.15-07.55.26:001][  0]LogConfig: Setting CVar [[r.AmbientOcclusionRadiusScale:1.0]]
[2022.12.15-07.55.26:001][  0]LogConfig: Setting CVar [[r.DepthOfFieldQuality:2]]
[2022.12.15-07.55.26:001][  0]LogConfig: Setting CVar [[r.RenderTargetPoolMin:400]]
[2022.12.15-07.55.26:001][  0]LogConfig: Setting CVar [[r.LensFlareQuality:2]]
[2022.12.15-07.55.26:001][  0]LogConfig: Setting CVar [[r.SceneColorFringeQuality:1]]
[2022.12.15-07.55.26:001][  0]LogConfig: Setting CVar [[r.EyeAdaptationQuality:2]]
[2022.12.15-07.55.26:001][  0]LogConfig: Setting CVar [[r.BloomQuality:5]]
[2022.12.15-07.55.26:001][  0]LogConfig: Setting CVar [[r.FastBlurThreshold:100]]
[2022.12.15-07.55.26:001][  0]LogConfig: Setting CVar [[r.Upscale.Quality:3]]
[2022.12.15-07.55.26:001][  0]LogConfig: Setting CVar [[r.Tonemapper.GrainQuantization:1]]
[2022.12.15-07.55.26:001][  0]LogConfig: Setting CVar [[r.LightShaftQuality:1]]
[2022.12.15-07.55.26:001][  0]LogConfig: Setting CVar [[r.Filter.SizeScale:1]]
[2022.12.15-07.55.26:001][  0]LogConfig: Setting CVar [[r.Tonemapper.Quality:5]]
[2022.12.15-07.55.26:001][  0]LogConfig: Setting CVar [[r.DOF.Gather.AccumulatorQuality:1        ; higher gathering accumulator quality]]
[2022.12.15-07.55.26:001][  0]LogConfig: Setting CVar [[r.DOF.Gather.PostfilterMethod:1          ; Median3x3 postfilering method]]
[2022.12.15-07.55.26:001][  0]LogConfig: Setting CVar [[r.DOF.Gather.EnableBokehSettings:0       ; no bokeh simulation when gathering]]
[2022.12.15-07.55.26:001][  0]LogConfig: Setting CVar [[r.DOF.Gather.RingCount:4                 ; medium number of samples when gathering]]
[2022.12.15-07.55.26:001][  0]LogConfig: Setting CVar [[r.DOF.Scatter.ForegroundCompositing:1    ; additive foreground scattering]]
[2022.12.15-07.55.26:001][  0]LogConfig: Setting CVar [[r.DOF.Scatter.BackgroundCompositing:2    ; additive background scattering]]
[2022.12.15-07.55.26:001][  0]LogConfig: Setting CVar [[r.DOF.Scatter.EnableBokehSettings:1      ; bokeh simulation when scattering]]
[2022.12.15-07.55.26:001][  0]LogConfig: Setting CVar [[r.DOF.Scatter.MaxSpriteRatio:0.1         ; only a maximum of 10% of scattered bokeh]]
[2022.12.15-07.55.26:001][  0]LogConfig: Setting CVar [[r.DOF.Recombine.Quality:1                ; cheap slight out of focus]]
[2022.12.15-07.55.26:001][  0]LogConfig: Setting CVar [[r.DOF.Recombine.EnableBokehSettings:0    ; no bokeh simulation on slight out of focus]]
[2022.12.15-07.55.26:001][  0]LogConfig: Setting CVar [[r.DOF.TemporalAAQuality:1                ; more stable temporal accumulation]]
[2022.12.15-07.55.26:001][  0]LogConfig: Setting CVar [[r.DOF.Kernel.MaxForegroundRadius:0.025]]
[2022.12.15-07.55.26:001][  0]LogConfig: Setting CVar [[r.DOF.Kernel.MaxBackgroundRadius:0.025]]
[2022.12.15-07.55.26:001][  0]LogConfig: Applying CVar settings from Section [TextureQuality@3] File [D:/GameProject/ProjectBunny/Saved/Config/Windows/Scalability.ini]
[2022.12.15-07.55.26:001][  0]LogConfig: Setting CVar [[r.Streaming.MipBias:0]]
[2022.12.15-07.55.26:001][  0]LogConfig: Setting CVar [[r.Streaming.AmortizeCPUToGPUCopy:0]]
[2022.12.15-07.55.26:001][  0]LogConfig: Setting CVar [[r.Streaming.MaxNumTexturesToStreamPerFrame:0]]
[2022.12.15-07.55.26:001][  0]LogConfig: Setting CVar [[r.Streaming.Boost:1]]
[2022.12.15-07.55.26:001][  0]LogConfig: Setting CVar [[r.MaxAnisotropy:8]]
[2022.12.15-07.55.26:001][  0]LogConfig: Setting CVar [[r.VT.MaxAnisotropy:8]]
[2022.12.15-07.55.26:001][  0]LogConfig: Setting CVar [[r.Streaming.LimitPoolSizeToVRAM:0]]
[2022.12.15-07.55.26:001][  0]LogConfig: Setting CVar [[r.Streaming.PoolSize:1000]]
[2022.12.15-07.55.26:001][  0]LogConfig: Setting CVar [[r.Streaming.MaxEffectiveScreenSize:0]]
[2022.12.15-07.55.26:001][  0]LogConfig: Applying CVar settings from Section [EffectsQuality@3] File [D:/GameProject/ProjectBunny/Saved/Config/Windows/Scalability.ini]
[2022.12.15-07.55.26:001][  0]LogConfig: Setting CVar [[r.TranslucencyLightingVolumeDim:64]]
[2022.12.15-07.55.26:001][  0]LogConfig: Setting CVar [[r.RefractionQuality:2]]
[2022.12.15-07.55.26:001][  0]LogConfig: Setting CVar [[r.SSR.Quality:3]]
[2022.12.15-07.55.26:001][  0]LogConfig: Setting CVar [[r.SSR.HalfResSceneColor:0]]
[2022.12.15-07.55.26:001][  0]LogConfig: Setting CVar [[r.SceneColorFormat:4]]
[2022.12.15-07.55.26:001][  0]LogConfig: Setting CVar [[r.DetailMode:2]]
[2022.12.15-07.55.26:001][  0]LogConfig: Setting CVar [[r.TranslucencyVolumeBlur:1]]
[2022.12.15-07.55.26:001][  0]LogConfig: Setting CVar [[r.MaterialQualityLevel:1 ; High quality]]
[2022.12.15-07.55.26:001][  0]LogConfig: Setting CVar [[r.AnisotropicMaterials:1]]
[2022.12.15-07.55.26:001][  0]LogConfig: Setting CVar [[r.SSS.Scale:1]]
[2022.12.15-07.55.26:001][  0]LogConfig: Setting CVar [[r.SSS.SampleSet:2]]
[2022.12.15-07.55.26:001][  0]LogConfig: Setting CVar [[r.SSS.Quality:1]]
[2022.12.15-07.55.26:001][  0]LogConfig: Setting CVar [[r.SSS.HalfRes:0]]
[2022.12.15-07.55.26:001][  0]LogConfig: Setting CVar [[r.SSGI.Quality:3]]
[2022.12.15-07.55.26:001][  0]LogConfig: Setting CVar [[r.EmitterSpawnRateScale:1.0]]
[2022.12.15-07.55.26:001][  0]LogConfig: Setting CVar [[r.ParticleLightQuality:2]]
[2022.12.15-07.55.26:001][  0]LogConfig: Setting CVar [[r.SkyAtmosphere.AerialPerspectiveLUT.FastApplyOnOpaque:1 ; Always have FastSkyLUT 1 in this case to avoid wrong sky]]
[2022.12.15-07.55.26:001][  0]LogConfig: Setting CVar [[r.SkyAtmosphere.AerialPerspectiveLUT.SampleCountMaxPerSlice:4]]
[2022.12.15-07.55.26:001][  0]LogConfig: Setting CVar [[r.SkyAtmosphere.AerialPerspectiveLUT.DepthResolution:16.0]]
[2022.12.15-07.55.26:001][  0]LogConfig: Setting CVar [[r.SkyAtmosphere.FastSkyLUT:1]]
[2022.12.15-07.55.26:001][  0]LogConfig: Setting CVar [[r.SkyAtmosphere.FastSkyLUT.SampleCountMin:4.0]]
[2022.12.15-07.55.26:001][  0]LogConfig: Setting CVar [[r.SkyAtmosphere.FastSkyLUT.SampleCountMax:128.0]]
[2022.12.15-07.55.26:001][  0]LogConfig: Setting CVar [[r.SkyAtmosphere.SampleCountMin:4.0]]
[2022.12.15-07.55.26:001][  0]LogConfig: Setting CVar [[r.SkyAtmosphere.SampleCountMax:128.0]]
[2022.12.15-07.55.26:001][  0]LogConfig: Setting CVar [[r.SkyAtmosphere.TransmittanceLUT.UseSmallFormat:0]]
[2022.12.15-07.55.26:001][  0]LogConfig: Setting CVar [[r.SkyAtmosphere.TransmittanceLUT.SampleCount:10.0]]
[2022.12.15-07.55.26:001][  0]LogConfig: Setting CVar [[r.SkyAtmosphere.MultiScatteringLUT.SampleCount:15.0]]
[2022.12.15-07.55.26:001][  0]LogConfig: Setting CVar [[r.SkyLight.RealTimeReflectionCapture:1]]
[2022.12.15-07.55.26:001][  0]LogConfig: Applying CVar settings from Section [FoliageQuality@3] File [D:/GameProject/ProjectBunny/Saved/Config/Windows/Scalability.ini]
[2022.12.15-07.55.26:001][  0]LogConfig: Setting CVar [[foliage.DensityScale:1.0]]
[2022.12.15-07.55.26:001][  0]LogConfig: Setting CVar [[grass.DensityScale:1.0]]
[2022.12.15-07.55.26:001][  0]LogConfig: Applying CVar settings from Section [ShadingQuality@3] File [D:/GameProject/ProjectBunny/Saved/Config/Windows/Scalability.ini]
[2022.12.15-07.55.26:001][  0]LogConfig: Setting CVar [[r.HairStrands.SkyLighting.IntegrationType:2]]
[2022.12.15-07.55.26:001][  0]LogConfig: Setting CVar [[r.HairStrands.SkyAO.SampleCount:4]]
[2022.12.15-07.55.26:002][  0]LogConfig: Setting CVar [[r.HairStrands.Visibility.MSAA.SamplePerPixel:4]]
[2022.12.15-07.55.26:002][  0]LogInit: Selected Device Profile: [Windows]
[2022.12.15-07.55.26:002][  0]LogInit: Applying CVar settings loaded from the selected device profile: [Windows]
[2022.12.15-07.55.26:002][  0]LogHAL: Display: Platform has ~ 16 GB [17100107776 / 17179869184 / 16], which maps to Larger [LargestMinGB=32, LargerMinGB=12, DefaultMinGB=8, SmallerMinGB=6, SmallestMinGB=0)
[2022.12.15-07.55.26:002][  0]LogInit: Going up to parent DeviceProfile []
[2022.12.15-07.55.26:002][  0]LogConfig: Applying CVar settings from Section [ViewDistanceQuality@3] File [D:/GameProject/ProjectBunny/Saved/Config/Windows/Scalability.ini]
[2022.12.15-07.55.26:002][  0]LogConfig: Setting CVar [[r.SkeletalMeshLODBias:0]]
[2022.12.15-07.55.26:002][  0]LogConfig: Setting CVar [[r.ViewDistanceScale:1.0]]
[2022.12.15-07.55.26:002][  0]LogConfig: Applying CVar settings from Section [AntiAliasingQuality@3] File [D:/GameProject/ProjectBunny/Saved/Config/Windows/Scalability.ini]
[2022.12.15-07.55.26:002][  0]LogConfig: Setting CVar [[r.PostProcessAAQuality:4]]
[2022.12.15-07.55.26:002][  0]LogConfig: Applying CVar settings from Section [ShadowQuality@3] File [D:/GameProject/ProjectBunny/Saved/Config/Windows/Scalability.ini]
[2022.12.15-07.55.26:002][  0]LogConfig: Setting CVar [[r.LightFunctionQuality:1]]
[2022.12.15-07.55.26:002][  0]LogConfig: Setting CVar [[r.ShadowQuality:5]]
[2022.12.15-07.55.26:002][  0]LogConfig: Setting CVar [[r.Shadow.CSM.MaxCascades:10]]
[2022.12.15-07.55.26:002][  0]LogConfig: Setting CVar [[r.Shadow.MaxResolution:2048]]
[2022.12.15-07.55.26:002][  0]LogConfig: Setting CVar [[r.Shadow.MaxCSMResolution:2048]]
[2022.12.15-07.55.26:002][  0]LogConfig: Setting CVar [[r.Shadow.RadiusThreshold:0.01]]
[2022.12.15-07.55.26:002][  0]LogConfig: Setting CVar [[r.Shadow.DistanceScale:1.0]]
[2022.12.15-07.55.26:002][  0]LogConfig: Setting CVar [[r.Shadow.CSM.TransitionScale:1.0]]
[2022.12.15-07.55.26:002][  0]LogConfig: Setting CVar [[r.Shadow.PreShadowResolutionFactor:1.0]]
[2022.12.15-07.55.26:002][  0]LogConfig: Setting CVar [[r.DistanceFieldShadowing:1]]
[2022.12.15-07.55.26:002][  0]LogConfig: Setting CVar [[r.DistanceFieldAO:1]]
[2022.12.15-07.55.26:002][  0]LogConfig: Setting CVar [[r.AOQuality:2]]
[2022.12.15-07.55.26:002][  0]LogConfig: Setting CVar [[r.VolumetricFog:1]]
[2022.12.15-07.55.26:002][  0]LogConfig: Setting CVar [[r.VolumetricFog.GridPixelSize:8]]
[2022.12.15-07.55.26:002][  0]LogConfig: Setting CVar [[r.VolumetricFog.GridSizeZ:128]]
[2022.12.15-07.55.26:002][  0]LogConfig: Setting CVar [[r.VolumetricFog.HistoryMissSupersampleCount:4]]
[2022.12.15-07.55.26:002][  0]LogConfig: Setting CVar [[r.LightMaxDrawDistanceScale:1]]
[2022.12.15-07.55.26:002][  0]LogConfig: Setting CVar [[r.CapsuleShadows:1]]
[2022.12.15-07.55.26:002][  0]LogConfig: Applying CVar settings from Section [PostProcessQuality@3] File [D:/GameProject/ProjectBunny/Saved/Config/Windows/Scalability.ini]
[2022.12.15-07.55.26:002][  0]LogConfig: Setting CVar [[r.MotionBlurQuality:4]]
[2022.12.15-07.55.26:002][  0]LogConfig: Setting CVar [[r.AmbientOcclusionMipLevelFactor:0.4]]
[2022.12.15-07.55.26:002][  0]LogConfig: Setting CVar [[r.AmbientOcclusionMaxQuality:100]]
[2022.12.15-07.55.26:002][  0]LogConfig: Setting CVar [[r.AmbientOcclusionLevels:-1]]
[2022.12.15-07.55.26:002][  0]LogConfig: Setting CVar [[r.AmbientOcclusionRadiusScale:1.0]]
[2022.12.15-07.55.26:002][  0]LogConfig: Setting CVar [[r.DepthOfFieldQuality:2]]
[2022.12.15-07.55.26:002][  0]LogConfig: Setting CVar [[r.RenderTargetPoolMin:400]]
[2022.12.15-07.55.26:002][  0]LogConfig: Setting CVar [[r.LensFlareQuality:2]]
[2022.12.15-07.55.26:002][  0]LogConfig: Setting CVar [[r.SceneColorFringeQuality:1]]
[2022.12.15-07.55.26:002][  0]LogConfig: Setting CVar [[r.EyeAdaptationQuality:2]]
[2022.12.15-07.55.26:002][  0]LogConfig: Setting CVar [[r.BloomQuality:5]]
[2022.12.15-07.55.26:002][  0]LogConfig: Setting CVar [[r.FastBlurThreshold:100]]
[2022.12.15-07.55.26:002][  0]LogConfig: Setting CVar [[r.Upscale.Quality:3]]
[2022.12.15-07.55.26:002][  0]LogConfig: Setting CVar [[r.Tonemapper.GrainQuantization:1]]
[2022.12.15-07.55.26:002][  0]LogConfig: Setting CVar [[r.LightShaftQuality:1]]
[2022.12.15-07.55.26:002][  0]LogConfig: Setting CVar [[r.Filter.SizeScale:1]]
[2022.12.15-07.55.26:002][  0]LogConfig: Setting CVar [[r.Tonemapper.Quality:5]]
[2022.12.15-07.55.26:002][  0]LogConfig: Setting CVar [[r.DOF.Gather.AccumulatorQuality:1        ; higher gathering accumulator quality]]
[2022.12.15-07.55.26:002][  0]LogConfig: Setting CVar [[r.DOF.Gather.PostfilterMethod:1          ; Median3x3 postfilering method]]
[2022.12.15-07.55.26:002][  0]LogConfig: Setting CVar [[r.DOF.Gather.EnableBokehSettings:0       ; no bokeh simulation when gathering]]
[2022.12.15-07.55.26:002][  0]LogConfig: Setting CVar [[r.DOF.Gather.RingCount:4                 ; medium number of samples when gathering]]
[2022.12.15-07.55.26:002][  0]LogConfig: Setting CVar [[r.DOF.Scatter.ForegroundCompositing:1    ; additive foreground scattering]]
[2022.12.15-07.55.26:002][  0]LogConfig: Setting CVar [[r.DOF.Scatter.BackgroundCompositing:2    ; additive background scattering]]
[2022.12.15-07.55.26:002][  0]LogConfig: Setting CVar [[r.DOF.Scatter.EnableBokehSettings:1      ; bokeh simulation when scattering]]
[2022.12.15-07.55.26:002][  0]LogConfig: Setting CVar [[r.DOF.Scatter.MaxSpriteRatio:0.1         ; only a maximum of 10% of scattered bokeh]]
[2022.12.15-07.55.26:002][  0]LogConfig: Setting CVar [[r.DOF.Recombine.Quality:1                ; cheap slight out of focus]]
[2022.12.15-07.55.26:002][  0]LogConfig: Setting CVar [[r.DOF.Recombine.EnableBokehSettings:0    ; no bokeh simulation on slight out of focus]]
[2022.12.15-07.55.26:002][  0]LogConfig: Setting CVar [[r.DOF.TemporalAAQuality:1                ; more stable temporal accumulation]]
[2022.12.15-07.55.26:002][  0]LogConfig: Setting CVar [[r.DOF.Kernel.MaxForegroundRadius:0.025]]
[2022.12.15-07.55.26:002][  0]LogConfig: Setting CVar [[r.DOF.Kernel.MaxBackgroundRadius:0.025]]
[2022.12.15-07.55.26:002][  0]LogConfig: Applying CVar settings from Section [TextureQuality@3] File [D:/GameProject/ProjectBunny/Saved/Config/Windows/Scalability.ini]
[2022.12.15-07.55.26:002][  0]LogConfig: Setting CVar [[r.Streaming.MipBias:0]]
[2022.12.15-07.55.26:002][  0]LogConfig: Setting CVar [[r.Streaming.AmortizeCPUToGPUCopy:0]]
[2022.12.15-07.55.26:002][  0]LogConfig: Setting CVar [[r.Streaming.MaxNumTexturesToStreamPerFrame:0]]
[2022.12.15-07.55.26:002][  0]LogConfig: Setting CVar [[r.Streaming.Boost:1]]
[2022.12.15-07.55.26:002][  0]LogConfig: Setting CVar [[r.MaxAnisotropy:8]]
[2022.12.15-07.55.26:002][  0]LogConfig: Setting CVar [[r.VT.MaxAnisotropy:8]]
[2022.12.15-07.55.26:002][  0]LogConfig: Setting CVar [[r.Streaming.LimitPoolSizeToVRAM:0]]
[2022.12.15-07.55.26:002][  0]LogConfig: Setting CVar [[r.Streaming.PoolSize:1000]]
[2022.12.15-07.55.26:002][  0]LogConfig: Setting CVar [[r.Streaming.MaxEffectiveScreenSize:0]]
[2022.12.15-07.55.26:002][  0]LogConfig: Applying CVar settings from Section [EffectsQuality@3] File [D:/GameProject/ProjectBunny/Saved/Config/Windows/Scalability.ini]
[2022.12.15-07.55.26:002][  0]LogConfig: Setting CVar [[r.TranslucencyLightingVolumeDim:64]]
[2022.12.15-07.55.26:002][  0]LogConfig: Setting CVar [[r.RefractionQuality:2]]
[2022.12.15-07.55.26:002][  0]LogConfig: Setting CVar [[r.SSR.Quality:3]]
[2022.12.15-07.55.26:002][  0]LogConfig: Setting CVar [[r.SSR.HalfResSceneColor:0]]
[2022.12.15-07.55.26:002][  0]LogConfig: Setting CVar [[r.SceneColorFormat:4]]
[2022.12.15-07.55.26:002][  0]LogConfig: Setting CVar [[r.DetailMode:2]]
[2022.12.15-07.55.26:002][  0]LogConfig: Setting CVar [[r.TranslucencyVolumeBlur:1]]
[2022.12.15-07.55.26:002][  0]LogConfig: Setting CVar [[r.MaterialQualityLevel:1 ; High quality]]
[2022.12.15-07.55.26:002][  0]LogConfig: Setting CVar [[r.AnisotropicMaterials:1]]
[2022.12.15-07.55.26:002][  0]LogConfig: Setting CVar [[r.SSS.Scale:1]]
[2022.12.15-07.55.26:002][  0]LogConfig: Setting CVar [[r.SSS.SampleSet:2]]
[2022.12.15-07.55.26:002][  0]LogConfig: Setting CVar [[r.SSS.Quality:1]]
[2022.12.15-07.55.26:002][  0]LogConfig: Setting CVar [[r.SSS.HalfRes:0]]
[2022.12.15-07.55.26:002][  0]LogConfig: Setting CVar [[r.SSGI.Quality:3]]
[2022.12.15-07.55.26:002][  0]LogConfig: Setting CVar [[r.EmitterSpawnRateScale:1.0]]
[2022.12.15-07.55.26:002][  0]LogConfig: Setting CVar [[r.ParticleLightQuality:2]]
[2022.12.15-07.55.26:002][  0]LogConfig: Setting CVar [[r.SkyAtmosphere.AerialPerspectiveLUT.FastApplyOnOpaque:1 ; Always have FastSkyLUT 1 in this case to avoid wrong sky]]
[2022.12.15-07.55.26:002][  0]LogConfig: Setting CVar [[r.SkyAtmosphere.AerialPerspectiveLUT.SampleCountMaxPerSlice:4]]
[2022.12.15-07.55.26:002][  0]LogConfig: Setting CVar [[r.SkyAtmosphere.AerialPerspectiveLUT.DepthResolution:16.0]]
[2022.12.15-07.55.26:002][  0]LogConfig: Setting CVar [[r.SkyAtmosphere.FastSkyLUT:1]]
[2022.12.15-07.55.26:002][  0]LogConfig: Setting CVar [[r.SkyAtmosphere.FastSkyLUT.SampleCountMin:4.0]]
[2022.12.15-07.55.26:002][  0]LogConfig: Setting CVar [[r.SkyAtmosphere.FastSkyLUT.SampleCountMax:128.0]]
[2022.12.15-07.55.26:002][  0]LogConfig: Setting CVar [[r.SkyAtmosphere.SampleCountMin:4.0]]
[2022.12.15-07.55.26:002][  0]LogConfig: Setting CVar [[r.SkyAtmosphere.SampleCountMax:128.0]]
[2022.12.15-07.55.26:002][  0]LogConfig: Setting CVar [[r.SkyAtmosphere.TransmittanceLUT.UseSmallFormat:0]]
[2022.12.15-07.55.26:002][  0]LogConfig: Setting CVar [[r.SkyAtmosphere.TransmittanceLUT.SampleCount:10.0]]
[2022.12.15-07.55.26:002][  0]LogConfig: Setting CVar [[r.SkyAtmosphere.MultiScatteringLUT.SampleCount:15.0]]
[2022.12.15-07.55.26:002][  0]LogConfig: Setting CVar [[r.SkyLight.RealTimeReflectionCapture:1]]
[2022.12.15-07.55.26:002][  0]LogConfig: Applying CVar settings from Section [FoliageQuality@3] File [D:/GameProject/ProjectBunny/Saved/Config/Windows/Scalability.ini]
[2022.12.15-07.55.26:002][  0]LogConfig: Setting CVar [[foliage.DensityScale:1.0]]
[2022.12.15-07.55.26:002][  0]LogConfig: Setting CVar [[grass.DensityScale:1.0]]
[2022.12.15-07.55.26:002][  0]LogConfig: Applying CVar settings from Section [ShadingQuality@3] File [D:/GameProject/ProjectBunny/Saved/Config/Windows/Scalability.ini]
[2022.12.15-07.55.26:002][  0]LogConfig: Setting CVar [[r.HairStrands.SkyLighting.IntegrationType:2]]
[2022.12.15-07.55.26:002][  0]LogConfig: Setting CVar [[r.HairStrands.SkyAO.SampleCount:4]]
[2022.12.15-07.55.26:002][  0]LogConfig: Setting CVar [[r.HairStrands.Visibility.MSAA.SamplePerPixel:4]]
[2022.12.15-07.55.26:002][  0]LogConfig: Applying CVar settings from Section [Startup] File [../../../Engine/Config/ConsoleVariables.ini]
[2022.12.15-07.55.26:003][  0]LogConfig: Setting CVar [[net.UseAdaptiveNetUpdateFrequency:0]]
[2022.12.15-07.55.26:003][  0]LogConfig: Setting CVar [[p.chaos.AllowCreatePhysxBodies:1]]
[2022.12.15-07.55.26:003][  0]LogConfig: Setting CVar [[fx.SkipVectorVMBackendOptimizations:1]]
[2022.12.15-07.55.26:003][  0]LogConfig: Applying CVar settings from Section [ConsoleVariables] File [D:/GameProject/ProjectBunny/Saved/Config/Windows/Engine.ini]
[2022.12.15-07.55.26:003][  0]LogConfig: Applying CVar settings from Section [ConsoleVariables] File [D:/GameProject/ProjectBunny/Saved/Config/Windows/Editor.ini]
[2022.12.15-07.55.26:003][  0]LogInit: Computer: ICEPRATYA
[2022.12.15-07.55.26:003][  0]LogInit: User: WIN10
[2022.12.15-07.55.26:003][  0]LogInit: CPU Page size=4096, Cores=8
[2022.12.15-07.55.26:003][  0]LogInit: High frequency timer resolution =10.000000 MHz
[2022.12.15-07.55.26:003][  0]LogMemory: Memory total: Physical=15.9GB (16GB approx)
[2022.12.15-07.55.26:003][  0]LogMemory: Platform Memory Stats for Windows
[2022.12.15-07.55.26:003][  0]LogMemory: Process Physical Memory: 150.39 MB used, 150.40 MB peak
[2022.12.15-07.55.26:003][  0]LogMemory: Process Virtual Memory: 131.15 MB used, 131.15 MB peak
[2022.12.15-07.55.26:003][  0]LogMemory: Physical Memory: 8321.13 MB used,  7986.80 MB free, 16307.93 MB total
[2022.12.15-07.55.26:003][  0]LogMemory: Virtual Memory: 134210032.00 MB used,  7698.44 MB free, 134217728.00 MB total
[2022.12.15-07.55.26:007][  0]LogWindows: WindowsPlatformFeatures enabled
[2022.12.15-07.55.26:159][  0]LogInit: Physics initialised using underlying interface: PhysX
[2022.12.15-07.55.26:179][  0]LogInit: Using OS detected language (en-US).
[2022.12.15-07.55.26:179][  0]LogInit: Using OS detected locale (en-US).
[2022.12.15-07.55.26:181][  0]LogTextLocalizationManager: No specific localization for 'en-US' exists, so the 'en' localization will be used.
[2022.12.15-07.55.26:338][  0]LogInit: Setting process to per monitor DPI aware
[2022.12.15-07.55.26:347][  0]LogWindowsTextInputMethodSystem: Display: IME system deactivated.
[2022.12.15-07.55.26:397][  0]LogSlate: New Slate User Created.  User Index 0, Is Virtual User: 0
[2022.12.15-07.55.26:397][  0]LogSlate: Slate User Registered.  User Index 0, Is Virtual User: 0
[2022.12.15-07.55.26:505][  0]LogD3D11RHI: Loaded GFSDK_Aftermath_Lib.x64.dll
[2022.12.15-07.55.26:507][  0]LogHMD: Failed to initialize OpenVR with code 110
[2022.12.15-07.55.26:507][  0]LogD3D11RHI: D3D11 min allowed feature level: 11_0
[2022.12.15-07.55.26:507][  0]LogD3D11RHI: D3D11 max allowed feature level: 11_0
[2022.12.15-07.55.26:507][  0]LogD3D11RHI: D3D11 adapters:
[2022.12.15-07.55.26:575][  0]LogD3D11RHI:    0. 'NVIDIA GeForce GTX 1050 Ti' (Feature Level 11_0)
[2022.12.15-07.55.26:575][  0]LogD3D11RHI:       4018/0/8153 MB DedicatedVideo/DedicatedSystem/SharedSystem, Outputs:1, VendorId:0x10de
[2022.12.15-07.55.26:578][  0]LogD3D11RHI:    1. 'Microsoft Basic Render Driver' (Feature Level 11_0)
[2022.12.15-07.55.26:578][  0]LogD3D11RHI:       0/0/8153 MB DedicatedVideo/DedicatedSystem/SharedSystem, Outputs:0, VendorId:0x1414
[2022.12.15-07.55.26:578][  0]LogD3D11RHI: Chosen D3D11 Adapter:
[2022.12.15-07.55.26:578][  0]LogD3D11RHI:     Description : NVIDIA GeForce GTX 1050 Ti
[2022.12.15-07.55.26:578][  0]LogD3D11RHI:     VendorId    : 10de
[2022.12.15-07.55.26:578][  0]LogD3D11RHI:     DeviceId    : 1c82
[2022.12.15-07.55.26:578][  0]LogD3D11RHI:     SubSysId    : 37641458
[2022.12.15-07.55.26:578][  0]LogD3D11RHI:     Revision    : 00a1
[2022.12.15-07.55.26:578][  0]LogD3D11RHI:     DedicatedVideoMemory : 4213178368 bytes
[2022.12.15-07.55.26:578][  0]LogD3D11RHI:     DedicatedSystemMemory : 0 bytes
[2022.12.15-07.55.26:578][  0]LogD3D11RHI:     SharedSystemMemory : 8550053888 bytes
[2022.12.15-07.55.26:579][  0]LogD3D11RHI:     AdapterLuid : 0 79772
[2022.12.15-07.55.26:585][  0]LogD3D11RHI: Creating new Direct3DDevice
[2022.12.15-07.55.26:586][  0]LogD3D11RHI:     GPU DeviceId: 0x1c82 (for the marketing name, search the web for "GPU Device Id")
[2022.12.15-07.55.26:586][  0]LogWindows: EnumDisplayDevices:
[2022.12.15-07.55.26:586][  0]LogWindows:    0. 'NVIDIA GeForce GTX 1050 Ti' (P:1 D:1)
[2022.12.15-07.55.26:586][  0]LogWindows:    1. 'NVIDIA GeForce GTX 1050 Ti' (P:0 D:0)
[2022.12.15-07.55.26:586][  0]LogWindows:    2. 'NVIDIA GeForce GTX 1050 Ti' (P:0 D:0)
[2022.12.15-07.55.26:586][  0]LogWindows:    3. 'NVIDIA GeForce GTX 1050 Ti' (P:0 D:0)
[2022.12.15-07.55.26:586][  0]LogWindows: DebugString: FoundDriverCount:4 
[2022.12.15-07.55.26:586][  0]LogD3D11RHI:     Adapter Name: NVIDIA GeForce GTX 1050 Ti
[2022.12.15-07.55.26:586][  0]LogD3D11RHI:   Driver Version: 512.15 (internal:30.0.15.1215, unified:512.15)
[2022.12.15-07.55.26:586][  0]LogD3D11RHI:      Driver Date: 3-17-2022
[2022.12.15-07.55.26:586][  0]LogRHI: Texture pool is 2812 MB (70% of 4018 MB)
[2022.12.15-07.55.26:586][  0]LogD3D11RHI: Creating D3DDevice using adapter:
[2022.12.15-07.55.26:586][  0]LogD3D11RHI:     Description : NVIDIA GeForce GTX 1050 Ti
[2022.12.15-07.55.26:586][  0]LogD3D11RHI:     VendorId    : 10de
[2022.12.15-07.55.26:586][  0]LogD3D11RHI:     DeviceId    : 1c82
[2022.12.15-07.55.26:586][  0]LogD3D11RHI:     SubSysId    : 37641458
[2022.12.15-07.55.26:586][  0]LogD3D11RHI:     Revision    : 00a1
[2022.12.15-07.55.26:586][  0]LogD3D11RHI:     DedicatedVideoMemory : 4213178368 bytes
[2022.12.15-07.55.26:586][  0]LogD3D11RHI:     DedicatedSystemMemory : 0 bytes
[2022.12.15-07.55.26:586][  0]LogD3D11RHI:     SharedSystemMemory : 8550053888 bytes
[2022.12.15-07.55.26:586][  0]LogD3D11RHI:     AdapterLuid : 0 79772
[2022.12.15-07.55.26:619][  0]LogD3D11RHI: RHI has support for 64 bit atomics
[2022.12.15-07.55.26:619][  0]LogD3D11RHI: Async texture creation enabled
[2022.12.15-07.55.26:619][  0]LogD3D11RHI: Array index from any shader is supported
[2022.12.15-07.55.26:639][  0]LogD3D11RHI: GPU Timing Frequency: 1000.000000 (Debug: 2 1)
[2022.12.15-07.55.26:662][  0]LogRHI: GeForceNow SDK initialized: 1
[2022.12.15-07.55.26:908][  0]LogTargetPlatformManager: Display: Loaded TargetPlatform 'AllDesktop'
[2022.12.15-07.55.26:935][  0]LogTargetPlatformManager: Display: Loaded TargetPlatform 'Android'
[2022.12.15-07.55.26:935][  0]LogTargetPlatformManager: Display: Loaded TargetPlatform 'Android_ASTC'
[2022.12.15-07.55.26:935][  0]LogTargetPlatformManager: Display: Loaded TargetPlatform 'Android_DXT'
[2022.12.15-07.55.26:935][  0]LogTargetPlatformManager: Display: Loaded TargetPlatform 'Android_ETC2'
[2022.12.15-07.55.26:935][  0]LogTargetPlatformManager: Display: Loaded TargetPlatform 'AndroidClient'
[2022.12.15-07.55.26:935][  0]LogTargetPlatformManager: Display: Loaded TargetPlatform 'Android_ASTCClient'
[2022.12.15-07.55.26:936][  0]LogTargetPlatformManager: Display: Loaded TargetPlatform 'Android_DXTClient'
[2022.12.15-07.55.26:936][  0]LogTargetPlatformManager: Display: Loaded TargetPlatform 'Android_ETC2Client'
[2022.12.15-07.55.26:936][  0]LogTargetPlatformManager: Display: Loaded TargetPlatform 'Android_Multi'
[2022.12.15-07.55.26:936][  0]LogTargetPlatformManager: Display: Loaded TargetPlatform 'Android_MultiClient'
[2022.12.15-07.55.27:001][  0]LogTargetPlatformManager: Display: Loaded TargetPlatform 'IOSClient'
[2022.12.15-07.55.27:001][  0]LogTargetPlatformManager: Display: Loaded TargetPlatform 'IOS'
[2022.12.15-07.55.27:014][  0]LogTargetPlatformManager: Display: Loaded TargetPlatform 'Linux'
[2022.12.15-07.55.27:026][  0]LogTargetPlatformManager: Display: Loaded TargetPlatform 'LinuxNoEditor'
[2022.12.15-07.55.27:039][  0]LogTargetPlatformManager: Display: Loaded TargetPlatform 'LinuxClient'
[2022.12.15-07.55.27:048][  0]LogTargetPlatformManager: Display: Loaded TargetPlatform 'LinuxServer'
[2022.12.15-07.55.27:064][  0]LogTargetPlatformManager: Display: Loaded TargetPlatform 'LinuxAArch64NoEditor'
[2022.12.15-07.55.27:079][  0]LogTargetPlatformManager: Display: Loaded TargetPlatform 'LinuxAArch64Client'
[2022.12.15-07.55.27:093][  0]LogTargetPlatformManager: Display: Loaded TargetPlatform 'LinuxAArch64Server'
[2022.12.15-07.55.27:113][  0]LogTargetPlatformManager: Display: Loaded TargetPlatform 'Lumin'
[2022.12.15-07.55.27:113][  0]LogTargetPlatformManager: Display: Loaded TargetPlatform 'LuminClient'
[2022.12.15-07.55.27:124][  0]LogTargetPlatformManager: Display: Loaded TargetPlatform 'MacNoEditor'
[2022.12.15-07.55.27:132][  0]LogTargetPlatformManager: Display: Loaded TargetPlatform 'Mac'
[2022.12.15-07.55.27:153][  0]LogTargetPlatformManager: Display: Loaded TargetPlatform 'MacClient'
[2022.12.15-07.55.27:157][  0]LogTargetPlatformManager: Display: Loaded TargetPlatform 'MacServer'
[2022.12.15-07.55.27:163][  0]LogTargetPlatformManager: Display: Loaded TargetPlatform 'TVOSClient'
[2022.12.15-07.55.27:163][  0]LogTargetPlatformManager: Display: Loaded TargetPlatform 'TVOS'
[2022.12.15-07.55.27:205][  0]LogTargetPlatformManager: Display: Loaded TargetPlatform 'WindowsNoEditor'
[2022.12.15-07.55.27:216][  0]LogTargetPlatformManager: Display: Loaded TargetPlatform 'Windows'
[2022.12.15-07.55.27:230][  0]LogTargetPlatformManager: Display: Loaded TargetPlatform 'WindowsClient'
[2022.12.15-07.55.27:242][  0]LogTargetPlatformManager: Display: Loaded TargetPlatform 'WindowsServer'
[2022.12.15-07.55.27:242][  0]LogTargetPlatformManager: Display: Building Assets For Windows
[2022.12.15-07.55.27:247][  0]LogAudioDebug: Display: Lib vorbis DLL was dynamically loaded.
[2022.12.15-07.55.27:304][  0]LogTextureFormatOodle: Display: Oodle Texture 2.9.0 init RDO Off
[2022.12.15-07.55.27:506][  0]LogRendererCore: Ray tracing is disabled. Reason: r.RayTracing=0.
[2022.12.15-07.55.27:506][  0]LogShaderCompilers: Guid format shader working directory is 6 characters bigger than the processId version (../../../../../GameProject/ProjectBunny/Intermediate/Shaders/WorkingDirectory/27920/).
[2022.12.15-07.55.27:507][  0]LogShaderCompilers: Cleaned the shader compiler working directory 'C:/Users/WIN10/AppData/Local/Temp/UnrealShaderWorkingDir/4D87DFB1432D3B942C2C8496DD4A0E82/'.
[2022.12.15-07.55.27:507][  0]LogXGEController: Cannot use XGE Controller as Incredibuild is not installed on this machine.
[2022.12.15-07.55.27:507][  0]LogShaderCompilers: Cannot use XGE Shader Compiler as Incredibuild is not installed on this machine.
[2022.12.15-07.55.27:507][  0]LogShaderCompilers: Display: Using Local Shader Compiler.
[2022.12.15-07.55.28:074][  0]LogDerivedDataCache: Display: Max Cache Size: 512 MB
[2022.12.15-07.55.28:117][  0]LogDerivedDataCache: Loaded boot cache 0.04s 94MB C:/Users/WIN10/AppData/Local/UnrealEngine/4.27/DerivedDataCache/Boot.ddc.
[2022.12.15-07.55.28:117][  0]LogDerivedDataCache: Display: Loaded Boot cache: C:/Users/WIN10/AppData/Local/UnrealEngine/4.27/DerivedDataCache/Boot.ddc
[2022.12.15-07.55.28:117][  0]LogDerivedDataCache: FDerivedDataBackendGraph:  Pak pak cache file ../../../../../GameProject/ProjectBunny/DerivedDataCache/DDC.ddp not found, will not use a pak cache.
[2022.12.15-07.55.28:117][  0]LogDerivedDataCache: Unable to find inner node Pak for hierarchical cache Hierarchy.
[2022.12.15-07.55.28:117][  0]LogDerivedDataCache: FDerivedDataBackendGraph:  CompressedPak pak cache file ../../../../../GameProject/ProjectBunny/DerivedDataCache/Compressed.ddp not found, will not use a pak cache.
[2022.12.15-07.55.28:117][  0]LogDerivedDataCache: Unable to find inner node CompressedPak for hierarchical cache Hierarchy.
[2022.12.15-07.55.28:131][  0]LogDerivedDataCache: Display: Pak cache opened for reading ../../../Engine/DerivedDataCache/Compressed.ddp.
[2022.12.15-07.55.28:131][  0]LogDerivedDataCache: FDerivedDataBackendGraph:  EnterprisePak pak cache file ../../../Enterprise/DerivedDataCache/Compressed.ddp not found, will not use a pak cache.
[2022.12.15-07.55.28:131][  0]LogDerivedDataCache: Unable to find inner node EnterprisePak for hierarchical cache Hierarchy.
[2022.12.15-07.55.28:137][  0]LogDerivedDataCache: Speed tests for C:/Users/WIN10/AppData/Local/UnrealEngine/Common/DerivedDataCache took 0.01 seconds
[2022.12.15-07.55.28:137][  0]LogDerivedDataCache: Display: Performance to C:/Users/WIN10/AppData/Local/UnrealEngine/Common/DerivedDataCache: Latency=0.03ms. RandomReadSpeed=1396.56MBs, RandomWriteSpeed=220.06MBs. Assigned SpeedClass 'Local'
[2022.12.15-07.55.28:137][  0]LogDerivedDataCache: Using Local data cache path C:/Users/WIN10/AppData/Local/UnrealEngine/Common/DerivedDataCache: Writable
[2022.12.15-07.55.28:138][  0]LogDerivedDataCache: Shared data cache path not found in *engine.ini, will not use an Shared cache.
[2022.12.15-07.55.28:138][  0]LogDerivedDataCache: Unable to find inner node Shared for hierarchical cache Hierarchy.
[2022.12.15-07.55.28:169][  0]LogSlate: Using FreeType 2.10.0
[2022.12.15-07.55.28:170][  0]LogSlate: SlateFontServices - WITH_FREETYPE: 1, WITH_HARFBUZZ: 1
[2022.12.15-07.55.28:201][  0]LogAssetRegistry: FAssetRegistry took 0.0021 seconds to start up
[2022.12.15-07.55.28:371][  0]LogInit: Selected Device Profile: [Windows]
[2022.12.15-07.55.28:371][  0]LogInit: Active device profile: [0000019470EAFF00][0000019470AA3300 49] Windows
[2022.12.15-07.55.28:371][  0]LogInit: Profiles: [0000019470EAFF00][0000019470AA3300 49] Windows, [0000019470EFFF00][0000019470ABB480 49] WindowsNoEditor, [0000019470EAC200][0000019470ABF600 49] WindowsServer, [0000019470EFE100][0000019470AC3780 49] WindowsClient, [0000019470EADE00][0000019470AC7900 49] IOS, [0000019470EFF400][0000019470ACBA80 49] iPadAir, [0000019470EAFA00][0000019470ACFC00 49] iPadAir2, [0000019470E6C600][0000019470AD6340 49] IPadPro, [0000019470E6C700][0000019470AD2380 49] iPadAir3, [0000019470EAC500][0000019470ADA500 49] iPadAir4, [0000019470E6FD00][0000019470AAA640 49] iPadMini2, [0000019470EAC300][0000019470ADE780 49] iPadMini3, [0000019470E6D400][0000019470AE28C0 49] iPadMini4, [0000019470EAFD00][0000019470AEAA40 49] iPadMini5, [0000019470E5FE00][0000019470AF2D00 49] iPhone6, [0000019470E5FF00][0000019470AEED40 49] iPodTouch6, [0000019470EFE000][0000019470AFB000 49] iPhone7, [0000019470E6F600][0000019470AF7040 49] iPodTouch7, [0000019470E5C500][0000019470AFF1C0 49] iPhone5S, [0000019470E6E400][0000019470B03340 49] iPhone6Plus, [0000019470E5F300][0000019470B074C0 49] iPhone6S, [0000019470E6FB00][0000019470B0B640 49] iPhone6SPlus, [0000019470E5CE00][0000019470B0F7C0 49] iPhone7Plus, [0000019470E6D000][0000019470B13940 49] iPhoneSE, [0000019470E5EB00][0000019470B17AC0 49] iPhone8, [0000019470E6DA00][0000019470B1A0C0 49] iPhone8Plus, [0000019470E5D600][0000019470B1E240 49] iPhoneX, [0000019470E6D100][0000019470B223C0 49] iPhoneXS, [0000019470E5E300][0000019470B26540 49] iPhoneXSMax, [0000019470E6E100][0000019470B2A6C0 49] iPhoneXR, [0000019470E5F700][0000019470AE6800 49] iPhone11, [0000019470E6FF00][0000019470B2E940 49] iPhone11Pro, [0000019470E5CB00][0000019470B32A80 49] iPhone11ProMax, [0000019470E6CE00][0000019470B36BC0 49] iPhoneSE2, [0000019470E5C200][0000019470B3ED40 49] iPhone12Mini, [0000019470E6DB00][0000019470B42EC0 49] iPhone12, [0000019470E5CD00][0000019470B47040 49] iPhone12Pro, [0000019470E6E800][0000019470B4B1C0 49] iPhone12ProMax, [0000019470E5E200][0000019470B4F340 49] iPadPro105, [0000019470E6F900][0000019470B534C0 49] iPadPro129, [0000019470E5EC00][0000019470B57640 49] iPadPro97, [0000019470E6DC00][0000019470B5B7C0 49] iPadPro2_129, [0000019470E5CA00][0000019470B5F940 49] iPad5, [0000019470E6F700][0000019470B63AC0 49] iPad6, [0000019470E5DA00][0000019470B660C0 49] iPad7, [0000019470E6F300][0000019470B6A240 49] iPad8, [0000019470E5F800][0000019470B6E3C0 49] iPadPro11, [0000019470E6FC00][0000019470B72540 49] iPadPro2_11, [0000019470E5C400][0000019470B766C0 49] iPadPro3_129, [0000019470E6FE00][0000019470B7A840 49] iPadPro4_129, [0000019470E5D000][0000019470B3A980 49] AppleTV, [0000019470E6F200][0000019470B7EAC0 49] AppleTV4K, [0000019470E5D200][0000019470B82C00 49] TVOS, [0000019470E6CB00][0000019470B86D40 49] Mac, [0000019470E5C600][0000019470B8EEC0 49] MacClient, [0000019470E6C200][0000019470B93040 49] MacNoEditor, [0000019470E5E600][0000019470B971C0 49] MacServer, [0000019470E6F800][0000019470B9B340 49] Linux, [0000019470E5F400][0000019470B9F4C0 49] LinuxAArch64, [0000019470E6C800][0000019470BA3640 49] LinuxNoEditor, [0000019470E5D100][0000019470BA77C0 49] LinuxAArch64NoEditor, [0000019470E6EC00][0000019470BAB940 49] LinuxClient, [0000019470E5D900][0000019470BAFAC0 49] LinuxAArch64Client, [0000019470E6CF00][0000019470BB20C0 49] LinuxServer, [0000019470E5CC00][0000019470BB6240 49] LinuxAArch64Server, [0000019470E6E500][0000019470BBA3C0 49] Android, [0000019470E5DB00][0000019470BBE540 49] Android_Low, [0000019470E6C400][0000019470BC26C0 49] Android_Mid, [0000019470E5ED00][0000019470BC6840 49] Android_High, [000001946FE88E00][0000019470BCA9C0 49] Android_Default, [0000019470EFFD00][0000019470BCEB40 49] Android_Adreno4xx, [000001946FE88900][0000019470B8AC80 49] Android_Adreno5xx_Low, [0000019470EFE300][0000019470BD2DC0 49] Android_Adreno5xx, [000001946FE88A00][0000019470BD6F00 49] Android_Adreno6xx, [0000019470EFD500][0000019470BDF080 49] Android_Adreno6xx_Vulkan, [000001946FE8A200][0000019470BE3200 49] Android_Mali_T6xx, [0000019470EFC300][0000019470BE7380 49] Android_Mali_T7xx, [000001946FE89900][0000019470BEB500 49] Android_Mali_T8xx, [0000019470EFCA00][0000019470BEF680 49] Android_Mali_G71, [000001946FE89100][0000019470BF3800 49] Android_Mali_G72, [0000019470EFDE00][0000019470BF7980 49] Android_Mali_G72_Vulkan, [000001946FE8A300][0000019470C23B00 49] Android_Mali_G76, [0000019470EFE400][0000019470C26100 49] Android_Mali_G76_Vulkan, [000001946FE88400][0000019470C2A280 49] Android_Mali_G77, [0000019470EFC500][0000019470C2E400 49] Android_Mali_G77_Vulkan, [000001946FE8AD00][0000019470C32580 49] Android_Mali_G78, [0000019470EFD900][0000019470C36700 49] Android_Mali_G78_Vulkan, [000001946FE89C00][0000019470C3A880 49] Android_Mali_G710, [0000019470EFEF00][0000019470C3EA00 49] Android_Mali_G710_Vulkan, [000001946FE88600][0000019470C42B80 49] Android_Vulkan_SM5, [0000019470EFEE00][0000019470C46D00 49] Android_PowerVR_G6xxx, [000001946FE89B00][0000019470BDAE40 49] Android_PowerVR_GT7xxx, [0000019470EFF000][0000019470C4AF80 49] Android_PowerVR_GE8xxx, [000001946FE8AB00][0000019470C4F0C0 49] Android_PowerVR_GM9xxx, [0000019470EFD300][0000019470C57240 49] Android_PowerVR_GM9xxx_Vulkan, [000001946FE88100][0000019470C5B3C0 49] Android_TegraK1, [0000019470EFD400][0000019470C5F540 49] Android_Unknown_Vulkan, [000001946FE8AA00][0000019470C636C0 49] Lumin, [0000019470E6D300][0000019470C67840 49] Lumin_Desktop, [000001946FE89700][0000019470C6B9C0 49] HoloLens, 
[2022.12.15-07.55.29:921][  0]LogMeshReduction: Using QuadricMeshReduction for automatic static mesh reduction
[2022.12.15-07.55.29:921][  0]LogMeshReduction: Using SimplygonMeshReduction for automatic skeletal mesh reduction
[2022.12.15-07.55.29:921][  0]LogMeshReduction: Using ProxyLODMeshReduction for automatic mesh merging
[2022.12.15-07.55.29:921][  0]LogMeshReduction: No distributed automatic mesh merging module available
[2022.12.15-07.55.29:921][  0]LogMeshMerging: No distributed automatic mesh merging module available
[2022.12.15-07.55.30:121][  0]LogNetVersion: ProjectBunny 1.0.0, NetCL: 17155196, EngineNetVer: 17, GameNetVer: 0 (Checksum: 2563434030)
[2022.12.15-07.55.32:053][  0]LogTexture: Default maximum texture size for cubemaps generated from long-lat sources has been changed from 512 to unlimited. In order to preserve old behaiour for '/Engine/MapTemplates/Sky/DaylightAmbientCubemap.DaylightAmbientCubemap', its maximum texture size has been explicitly set to 512.
[2022.12.15-07.55.32:094][  0]LogHMD: PokeAHoleMaterial loaded successfully
[2022.12.15-07.55.32:099][  0]LogUObjectArray: 17178 objects as part of root set at end of initial load.
[2022.12.15-07.55.32:099][  0]LogUObjectAllocator: 4302048 out of 0 bytes used by permanent object pool.
[2022.12.15-07.55.32:099][  0]LogUObjectArray: CloseDisregardForGC: 0/0 objects in disregard for GC pool
[2022.12.15-07.55.33:120][  0]LogNiagaraDebuggerClient: Niagara Debugger Client Initialized | Session: EE92D678469EE89E8F1A19BB176DA405 | Instance: C5B2FBBB45143FC2BF225B9B17B3A9DD (ICEPRATYA-27920).
[2022.12.15-07.55.33:389][  0]LogPython: Using Python 3.7.7
[2022.12.15-07.55.33:809][  0]LogTcpMessaging: Initializing TcpMessaging bridge
[2022.12.15-07.55.33:824][  0]LogUdpMessaging: Initializing bridge on interface 0.0.0.0:0 to multicast group 230.0.0.1:6666.
[2022.12.15-07.55.34:878][  0]LogOpenImageDenoise: OIDN starting up
[2022.12.15-07.55.34:962][  0]LogAndroidPermission: UAndroidPermissionCallbackProxy::GetInstance
[2022.12.15-07.55.35:127][  0]LogAudioCaptureCore: Display: No Audio Capture implementations found. Audio input will be silent.
[2022.12.15-07.55.35:127][  0]LogAudioCaptureCore: Display: No Audio Capture implementations found. Audio input will be silent.
[2022.12.15-07.55.35:405][  0]SourceControl: Source control is disabled
[2022.12.15-07.55.35:405][  0]SourceControl: Source control is disabled
[2022.12.15-07.55.35:425][  0]SourceControl: Source control is disabled
[2022.12.15-07.55.35:441][  0]SourceControl: Source control is disabled
[2022.12.15-07.55.35:468][  0]SourceControl: Source control is disabled
[2022.12.15-07.55.35:473][  0]LogUProjectInfo: Found projects:
[2022.12.15-07.55.35:492][  0]LogVSAccessor: Display: Unable to create Visual Studio setup instance: 80040154
[2022.12.15-07.55.35:492][  0]LogVSAccessor: Display: Unable to create Visual Studio setup instance: 80040154
[2022.12.15-07.55.35:493][  0]LogVSAccessor: Display: Unable to create Visual Studio setup instance: 80040154
[2022.12.15-07.55.35:518][  0]LogCollectionManager: Loaded 0 collections in 0.000490 seconds
[2022.12.15-07.55.35:608][  0]LogFileCache: Scanning file cache for directory 'D:/GameProject/ProjectBunny/Saved/Collections/' took 0.00s
[2022.12.15-07.55.35:608][  0]LogFileCache: Scanning file cache for directory 'D:/GameProject/ProjectBunny/Content/Developers/WIN10/Collections/' took 0.00s
[2022.12.15-07.55.35:608][  0]LogFileCache: Scanning file cache for directory 'D:/GameProject/ProjectBunny/Content/Collections/' took 0.00s
[2022.12.15-07.55.35:608][  0]LogOcInput: OculusInput pre-init called
[2022.12.15-07.55.35:883][  0]LogEngine: Initializing Engine...
[2022.12.15-07.55.35:941][  0]LogHMD: Failed to enumerate extensions. Please check that you have a valid OpenXR runtime installed.
[2022.12.15-07.55.35:941][  0]LogHMD: Failed to initialize OpenVR with code 110
[2022.12.15-07.55.35:941][  0]LogMagicLeap: Warning: VR disabled because ZI is not enabled.  To enable, in the editor, Edit -> Project Settings -> Plugins -> Magic Leap Plugin -> Enable Zero Iteration
[2022.12.15-07.55.35:942][  0]LogStats: UGameplayTagsManager::InitializeManager -  0.000 s
[2022.12.15-07.55.36:046][  0]LogInit: Initializing FReadOnlyCVARCache
[2022.12.15-07.55.36:145][  0]LogAIModule: Creating AISystem for world Untitled
[2022.12.15-07.55.36:146][  0]LogAudio: Display: Initializing Audio Device Manager...
[2022.12.15-07.55.36:149][  0]LogAudio: Display: Loading Default Audio Settings Objects...
[2022.12.15-07.55.36:149][  0]LogAudio: Display: No default SoundConcurrencyObject specified (or failed to load).
[2022.12.15-07.55.36:150][  0]LogAudio: Display: Audio Device Manager Initialized
[2022.12.15-07.55.36:150][  0]LogAudio: Display: Creating Audio Device:                 Id: 1, Scope: Shared, Realtime: True
[2022.12.15-07.55.36:150][  0]LogAudioMixer: Display: Audio Mixer Platform Settings:
[2022.12.15-07.55.36:150][  0]LogAudioMixer: Display: 	Sample Rate:						  48000
[2022.12.15-07.55.36:150][  0]LogAudioMixer: Display: 	Callback Buffer Frame Size Requested: 1024
[2022.12.15-07.55.36:150][  0]LogAudioMixer: Display: 	Callback Buffer Frame Size To Use:	  1024
[2022.12.15-07.55.36:150][  0]LogAudioMixer: Display: 	Number of buffers to queue:			  2
[2022.12.15-07.55.36:150][  0]LogAudioMixer: Display: 	Max Channels (voices):				  32
[2022.12.15-07.55.36:150][  0]LogAudioMixer: Display: 	Number of Async Source Workers:		  0
[2022.12.15-07.55.36:150][  0]LogAudio: Display: AudioDevice MaxSources: 32
[2022.12.15-07.55.36:150][  0]LogAudio: Display: Audio Spatialization Plugin: None (built-in).
[2022.12.15-07.55.36:150][  0]LogAudio: Display: Audio Reverb Plugin: None (built-in).
[2022.12.15-07.55.36:150][  0]LogAudio: Display: Audio Occlusion Plugin: None (built-in).
[2022.12.15-07.55.36:150][  0]LogAudioMixer: Display: Initializing audio mixer.
[2022.12.15-07.55.36:172][  0]LogAudioMixer: Display: 0: FrontLeft
[2022.12.15-07.55.36:172][  0]LogAudioMixer: Display: 1: FrontRight
[2022.12.15-07.55.36:188][  0]LogAudioMixer: Display: Using Audio Device Speakers (Realtek(R) Audio)
[2022.12.15-07.55.36:194][  0]LogAudioMixer: Display: Initializing Sound Submixes...
[2022.12.15-07.55.36:195][  0]LogAudioMixer: Display: Creating Master Submix 'MasterSubmixDefault'
[2022.12.15-07.55.36:195][  0]LogAudioMixer: Display: Creating Master Submix 'MasterReverbSubmixDefault'
[2022.12.15-07.55.36:196][  0]LogAudioMixer: Display: Creating Master Submix 'MasterEQSubmixDefault'
[2022.12.15-07.55.36:196][  0]LogAudioMixer: FMixerPlatformXAudio2::StartAudioStream() called
[2022.12.15-07.55.36:196][  0]LogAudioMixer: Display: Output buffers initialized: Frames=1024, Channels=2, Samples=2048
[2022.12.15-07.55.36:197][  0]LogAudioMixer: Display: Starting AudioMixerPlatformInterface::RunInternal()
[2022.12.15-07.55.36:197][  0]LogAudioMixer: Display: FMixerPlatformXAudio2::SubmitBuffer() called for the first time
[2022.12.15-07.55.36:197][  0]LogInit: FAudioDevice initialized.
[2022.12.15-07.55.36:197][  0]LogAudio: Display: Audio Device (ID: 1) registered with world 'Untitled'.
[2022.12.15-07.55.36:197][  0]LogNetVersion: Set ProjectVersion to 1.0.0.0. Version Checksum will be recalculated on next use.
[2022.12.15-07.55.36:254][  0]LogDerivedDataCache: Saved boot cache 0.06s 94MB C:/Users/WIN10/AppData/Local/UnrealEngine/4.27/DerivedDataCache/Boot.ddc.
[2022.12.15-07.55.36:258][  0]LogInit: Texture streaming: Enabled
[2022.12.15-07.55.36:314][  0]LogAnalytics: Display: [UEEditor.Rocket.Release] APIServer = https://datarouter.ol.epicgames.com/. AppVersion = 4.27.2-18319896+++UE4+Release-4.27
[2022.12.15-07.55.36:326][  0]LogEngineSessionManager: EngineSessionManager initialized
[2022.12.15-07.55.36:326][  0]LogEditorSessionSummary: Verbose: Initializing EditorSessionSummaryWriter for editor session tracking
[2022.12.15-07.55.36:327][  0]LogEditorSessionSummary: EditorSessionSummaryWriter initialized
[2022.12.15-07.55.36:419][  0]LogInit: Transaction tracking system initialized
[2022.12.15-07.55.36:524][  0]BlueprintLog: New page: Editor Load
[2022.12.15-07.55.36:831][  0]LocalizationService: Localization service is disabled
[2022.12.15-07.55.36:907][  0]TimingProfiler: Initialize
[2022.12.15-07.55.36:908][  0]TimingProfiler: OnSessionChanged
[2022.12.15-07.55.36:908][  0]LoadingProfiler: Initialize
[2022.12.15-07.55.36:908][  0]LoadingProfiler: OnSessionChanged
[2022.12.15-07.55.36:908][  0]NetworkingProfiler: Initialize
[2022.12.15-07.55.36:908][  0]NetworkingProfiler: OnSessionChanged
[2022.12.15-07.55.36:908][  0]MemoryProfiler: Initialize
[2022.12.15-07.55.36:908][  0]MemoryProfiler: OnSessionChanged
[2022.12.15-07.55.37:090][  0]LogVSAccessor: Display: Unable to create Visual Studio setup instance: 80040154
[2022.12.15-07.55.37:090][  0]LogVSAccessor: Display: Unable to create Visual Studio setup instance: 80040154
[2022.12.15-07.55.37:090][  0]LogVSAccessor: Display: Unable to create Visual Studio setup instance: 80040154
[2022.12.15-07.55.37:157][  0]LogCook: Display: CookSettings for Memory: MemoryMaxUsedVirtual 0MiB, MemoryMaxUsedPhysical 16384MiB, MemoryMinFreeVirtual 0MiB, MemoryMinFreePhysical 1024MiB
[2022.12.15-07.55.37:157][  0]LogCook: Display: Mobile HDR setting 1
[2022.12.15-07.55.37:383][  0]LogFileCache: Scanning file cache for directory 'D:/GameProject/ProjectBunny/Content/' took 0.00s
[2022.12.15-07.55.37:882][  0]LogInit: Display: Engine is initialized. Leaving FEngineLoop::Init()
[2022.12.15-07.55.37:885][  0]SourceControl: Source control is disabled
[2022.12.15-07.55.37:885][  0]LogUnrealEdMisc: Loading editor; pre map load, took 14.624
[2022.12.15-07.55.37:885][  0]Cmd: MAP LOAD FILE="../../../../../GameProject/ProjectBunny/Content/ThirdPersonBP/Maps/ThirdPersonExampleMap.umap" TEMPLATE=0 SHOWPROGRESS=1 FEATURELEVEL=3
[2022.12.15-07.55.37:885][  0]LightingResults: New page: Lighting Build
[2022.12.15-07.55.37:886][  0]LogWorld: UWorld::CleanupWorld for Untitled, bSessionEnded=true, bCleanupResources=true
[2022.12.15-07.55.37:886][  0]LogSlate: InvalidateAllWidgets triggered.  All widgets were invalidated
[2022.12.15-07.55.37:886][  0]MapCheck: New page: Map Check
[2022.12.15-07.55.37:886][  0]LightingResults: New page: Lighting Build
[2022.12.15-07.55.37:901][  0]LogAudio: Display: Audio Device unregistered from world 'None'.
[2022.12.15-07.55.37:904][  0]LogUObjectHash: Compacting FUObjectHashTables data took   0.73ms
[2022.12.15-07.55.38:126][  0]LogAudio: Display: Audio Device (ID: 1) registered with world 'ThirdPersonExampleMap'.
[2022.12.15-07.55.38:126][  0]LogAIModule: Creating AISystem for world ThirdPersonExampleMap
[2022.12.15-07.55.38:167][  0]LogEditorServer: Finished looking for orphan Actors (0.000 secs)
[2022.12.15-07.55.38:173][  0]LogUObjectHash: Compacting FUObjectHashTables data took   0.70ms
[2022.12.15-07.55.38:174][  0]Cmd: MAP CHECKDEP NOCLEARLOG
[2022.12.15-07.55.38:174][  0]MapCheck: Map check complete: 0 Error(s), 0 Warning(s), took 0.065ms to complete.
[2022.12.15-07.55.38:174][  0]LogFileHelpers: Loading map 'ThirdPersonExampleMap' took 0.290
[2022.12.15-07.55.38:175][  0]LogUnrealEdMisc: Total Editor Startup Time, took 14.915
[2022.12.15-07.55.38:289][  0]LogSlate: Updating window title bar state: overlay mode, drag disabled, window buttons hidden, title bar hidden
[2022.12.15-07.55.38:293][  0]LogSlate: Updating window title bar state: overlay mode, drag disabled, window buttons hidden, title bar hidden
[2022.12.15-07.55.38:297][  0]LogSlate: Updating window title bar state: overlay mode, drag disabled, window buttons hidden, title bar hidden
[2022.12.15-07.55.38:301][  0]LogSlate: Updating window title bar state: overlay mode, drag disabled, window buttons hidden, title bar hidden
[2022.12.15-07.55.38:373][  0]LogNativeClassHierarchy: Verbose: Native class hierarchy populated in 0.0077 seconds. Added 3822 classes and 928 folders.
[2022.12.15-07.55.38:390][  0]LogNativeClassHierarchy: Verbose: Native class hierarchy updated for 'WidgetCarousel' in 0.0003 seconds. Added 0 classes and 0 folders.
[2022.12.15-07.55.38:391][  0]LogPakFile: PakFile PrimaryIndexSize=187
[2022.12.15-07.55.38:391][  0]LogPakFile: PakFile PathHashIndexSize=101
[2022.12.15-07.55.38:391][  0]LogPakFile: PakFile FullDirectoryIndexSize=148
[2022.12.15-07.55.38:391][  0]LogShaderLibrary: Display: ShaderCodeLibraryPakFileMountedCallback: PakFile 'D:/UnrealEngine/UE_4.27/FeaturePacks/FP_FirstPerson.upack' (chunk index -1, root 'root:/') mounted
[2022.12.15-07.55.38:391][  0]LogShaderLibrary: Display: ShaderCodeLibraryPakFileMountedCallback: pending pak file info (ChunkID:-1 Root:root:/ File:D:/UnrealEngine/UE_4.27/FeaturePacks/FP_FirstPerson.upack)
[2022.12.15-07.55.38:391][  0]LogPakFile: OnPakFileMounted2Time == 0.000041
[2022.12.15-07.55.38:392][  0]LogPakFile: PakFile PrimaryIndexSize=189
[2022.12.15-07.55.38:392][  0]LogPakFile: PakFile PathHashIndexSize=101
[2022.12.15-07.55.38:392][  0]LogPakFile: PakFile FullDirectoryIndexSize=152
[2022.12.15-07.55.38:392][  0]LogShaderLibrary: Display: ShaderCodeLibraryPakFileMountedCallback: PakFile 'D:/UnrealEngine/UE_4.27/FeaturePacks/FP_FirstPersonBP.upack' (chunk index -1, root 'root:/') mounted
[2022.12.15-07.55.38:392][  0]LogShaderLibrary: Display: ShaderCodeLibraryPakFileMountedCallback: pending pak file info (ChunkID:-1 Root:root:/ File:D:/UnrealEngine/UE_4.27/FeaturePacks/FP_FirstPersonBP.upack)
[2022.12.15-07.55.38:392][  0]LogPakFile: OnPakFileMounted2Time == 0.000025
[2022.12.15-07.55.38:392][  0]LogPakFile: PakFile PrimaryIndexSize=191
[2022.12.15-07.55.38:392][  0]LogPakFile: PakFile PathHashIndexSize=101
[2022.12.15-07.55.38:392][  0]LogPakFile: PakFile FullDirectoryIndexSize=160
[2022.12.15-07.55.38:392][  0]LogShaderLibrary: Display: ShaderCodeLibraryPakFileMountedCallback: PakFile 'D:/UnrealEngine/UE_4.27/FeaturePacks/MobileStarterContent.upack' (chunk index -1, root 'root:/') mounted
[2022.12.15-07.55.38:392][  0]LogShaderLibrary: Display: ShaderCodeLibraryPakFileMountedCallback: pending pak file info (ChunkID:-1 Root:root:/ File:D:/UnrealEngine/UE_4.27/FeaturePacks/MobileStarterContent.upack)
[2022.12.15-07.55.38:392][  0]LogPakFile: OnPakFileMounted2Time == 0.000022
[2022.12.15-07.55.38:392][  0]LogPakFile: PakFile PrimaryIndexSize=185
[2022.12.15-07.55.38:392][  0]LogPakFile: PakFile PathHashIndexSize=101
[2022.12.15-07.55.38:392][  0]LogPakFile: PakFile FullDirectoryIndexSize=148
[2022.12.15-07.55.38:392][  0]LogShaderLibrary: Display: ShaderCodeLibraryPakFileMountedCallback: PakFile 'D:/UnrealEngine/UE_4.27/FeaturePacks/StarterContent.upack' (chunk index -1, root 'root:/') mounted
[2022.12.15-07.55.38:392][  0]LogShaderLibrary: Display: ShaderCodeLibraryPakFileMountedCallback: pending pak file info (ChunkID:-1 Root:root:/ File:D:/UnrealEngine/UE_4.27/FeaturePacks/StarterContent.upack)
[2022.12.15-07.55.38:392][  0]LogPakFile: OnPakFileMounted2Time == 0.000023
[2022.12.15-07.55.38:392][  0]LogPakFile: PakFile PrimaryIndexSize=190
[2022.12.15-07.55.38:393][  0]LogPakFile: PakFile PathHashIndexSize=101
[2022.12.15-07.55.38:393][  0]LogPakFile: PakFile FullDirectoryIndexSize=154
[2022.12.15-07.55.38:393][  0]LogShaderLibrary: Display: ShaderCodeLibraryPakFileMountedCallback: PakFile 'D:/UnrealEngine/UE_4.27/FeaturePacks/TP_2DSideScroller.upack' (chunk index -1, root 'root:/') mounted
[2022.12.15-07.55.38:393][  0]LogShaderLibrary: Display: ShaderCodeLibraryPakFileMountedCallback: pending pak file info (ChunkID:-1 Root:root:/ File:D:/UnrealEngine/UE_4.27/FeaturePacks/TP_2DSideScroller.upack)
[2022.12.15-07.55.38:393][  0]LogPakFile: OnPakFileMounted2Time == 0.000022
[2022.12.15-07.55.38:393][  0]LogPakFile: PakFile PrimaryIndexSize=192
[2022.12.15-07.55.38:393][  0]LogPakFile: PakFile PathHashIndexSize=101
[2022.12.15-07.55.38:393][  0]LogPakFile: PakFile FullDirectoryIndexSize=158
[2022.12.15-07.55.38:393][  0]LogShaderLibrary: Display: ShaderCodeLibraryPakFileMountedCallback: PakFile 'D:/UnrealEngine/UE_4.27/FeaturePacks/TP_2DSideScrollerBP.upack' (chunk index -1, root 'root:/') mounted
[2022.12.15-07.55.38:393][  0]LogShaderLibrary: Display: ShaderCodeLibraryPakFileMountedCallback: pending pak file info (ChunkID:-1 Root:root:/ File:D:/UnrealEngine/UE_4.27/FeaturePacks/TP_2DSideScrollerBP.upack)
[2022.12.15-07.55.38:393][  0]LogPakFile: OnPakFileMounted2Time == 0.000023
[2022.12.15-07.55.38:393][  0]LogPakFile: PakFile PrimaryIndexSize=182
[2022.12.15-07.55.38:393][  0]LogPakFile: PakFile PathHashIndexSize=101
[2022.12.15-07.55.38:393][  0]LogPakFile: PakFile FullDirectoryIndexSize=138
[2022.12.15-07.55.38:393][  0]LogShaderLibrary: Display: ShaderCodeLibraryPakFileMountedCallback: PakFile 'D:/UnrealEngine/UE_4.27/FeaturePacks/TP_Flying.upack' (chunk index -1, root 'root:/') mounted
[2022.12.15-07.55.38:393][  0]LogShaderLibrary: Display: ShaderCodeLibraryPakFileMountedCallback: pending pak file info (ChunkID:-1 Root:root:/ File:D:/UnrealEngine/UE_4.27/FeaturePacks/TP_Flying.upack)
[2022.12.15-07.55.38:393][  0]LogPakFile: OnPakFileMounted2Time == 0.000021
[2022.12.15-07.55.38:393][  0]LogPakFile: PakFile PrimaryIndexSize=184
[2022.12.15-07.55.38:393][  0]LogPakFile: PakFile PathHashIndexSize=101
[2022.12.15-07.55.38:393][  0]LogPakFile: PakFile FullDirectoryIndexSize=142
[2022.12.15-07.55.38:393][  0]LogShaderLibrary: Display: ShaderCodeLibraryPakFileMountedCallback: PakFile 'D:/UnrealEngine/UE_4.27/FeaturePacks/TP_FlyingBP.upack' (chunk index -1, root 'root:/') mounted
[2022.12.15-07.55.38:393][  0]LogShaderLibrary: Display: ShaderCodeLibraryPakFileMountedCallback: pending pak file info (ChunkID:-1 Root:root:/ File:D:/UnrealEngine/UE_4.27/FeaturePacks/TP_FlyingBP.upack)
[2022.12.15-07.55.38:394][  0]LogPakFile: OnPakFileMounted2Time == 0.000022
[2022.12.15-07.55.38:394][  0]LogPakFile: PakFile PrimaryIndexSize=188
[2022.12.15-07.55.38:394][  0]LogPakFile: PakFile PathHashIndexSize=101
[2022.12.15-07.55.38:394][  0]LogPakFile: PakFile FullDirectoryIndexSize=150
[2022.12.15-07.55.38:394][  0]LogShaderLibrary: Display: ShaderCodeLibraryPakFileMountedCallback: PakFile 'D:/UnrealEngine/UE_4.27/FeaturePacks/TP_HandheldARBP.upack' (chunk index -1, root 'root:/') mounted
[2022.12.15-07.55.38:394][  0]LogShaderLibrary: Display: ShaderCodeLibraryPakFileMountedCallback: pending pak file info (ChunkID:-1 Root:root:/ File:D:/UnrealEngine/UE_4.27/FeaturePacks/TP_HandheldARBP.upack)
[2022.12.15-07.55.38:394][  0]LogPakFile: OnPakFileMounted2Time == 0.000021
[2022.12.15-07.55.38:394][  0]LogPakFile: PakFile PrimaryIndexSize=182
[2022.12.15-07.55.38:394][  0]LogPakFile: PakFile PathHashIndexSize=101
[2022.12.15-07.55.38:394][  0]LogPakFile: PakFile FullDirectoryIndexSize=138
[2022.12.15-07.55.38:394][  0]LogShaderLibrary: Display: ShaderCodeLibraryPakFileMountedCallback: PakFile 'D:/UnrealEngine/UE_4.27/FeaturePacks/TP_Puzzle.upack' (chunk index -1, root 'root:/') mounted
[2022.12.15-07.55.38:394][  0]LogShaderLibrary: Display: ShaderCodeLibraryPakFileMountedCallback: pending pak file info (ChunkID:-1 Root:root:/ File:D:/UnrealEngine/UE_4.27/FeaturePacks/TP_Puzzle.upack)
[2022.12.15-07.55.38:394][  0]LogPakFile: OnPakFileMounted2Time == 0.000021
[2022.12.15-07.55.38:395][  0]LogPakFile: PakFile PrimaryIndexSize=184
[2022.12.15-07.55.38:395][  0]LogPakFile: PakFile PathHashIndexSize=101
[2022.12.15-07.55.38:395][  0]LogPakFile: PakFile FullDirectoryIndexSize=142
[2022.12.15-07.55.38:395][  0]LogShaderLibrary: Display: ShaderCodeLibraryPakFileMountedCallback: PakFile 'D:/UnrealEngine/UE_4.27/FeaturePacks/TP_PuzzleBP.upack' (chunk index -1, root 'root:/') mounted
[2022.12.15-07.55.38:395][  0]LogShaderLibrary: Display: ShaderCodeLibraryPakFileMountedCallback: pending pak file info (ChunkID:-1 Root:root:/ File:D:/UnrealEngine/UE_4.27/FeaturePacks/TP_PuzzleBP.upack)
[2022.12.15-07.55.38:395][  0]LogPakFile: OnPakFileMounted2Time == 0.000021
[2022.12.15-07.55.38:395][  0]LogPakFile: PakFile PrimaryIndexSize=183
[2022.12.15-07.55.38:395][  0]LogPakFile: PakFile PathHashIndexSize=101
[2022.12.15-07.55.38:395][  0]LogPakFile: PakFile FullDirectoryIndexSize=140
[2022.12.15-07.55.38:395][  0]LogShaderLibrary: Display: ShaderCodeLibraryPakFileMountedCallback: PakFile 'D:/UnrealEngine/UE_4.27/FeaturePacks/TP_Rolling.upack' (chunk index -1, root 'root:/') mounted
[2022.12.15-07.55.38:395][  0]LogShaderLibrary: Display: ShaderCodeLibraryPakFileMountedCallback: pending pak file info (ChunkID:-1 Root:root:/ File:D:/UnrealEngine/UE_4.27/FeaturePacks/TP_Rolling.upack)
[2022.12.15-07.55.38:395][  0]LogPakFile: OnPakFileMounted2Time == 0.000021
[2022.12.15-07.55.38:395][  0]LogPakFile: PakFile PrimaryIndexSize=185
[2022.12.15-07.55.38:395][  0]LogPakFile: PakFile PathHashIndexSize=101
[2022.12.15-07.55.38:395][  0]LogPakFile: PakFile FullDirectoryIndexSize=144
[2022.12.15-07.55.38:395][  0]LogShaderLibrary: Display: ShaderCodeLibraryPakFileMountedCallback: PakFile 'D:/UnrealEngine/UE_4.27/FeaturePacks/TP_RollingBP.upack' (chunk index -1, root 'root:/') mounted
[2022.12.15-07.55.38:395][  0]LogShaderLibrary: Display: ShaderCodeLibraryPakFileMountedCallback: pending pak file info (ChunkID:-1 Root:root:/ File:D:/UnrealEngine/UE_4.27/FeaturePacks/TP_RollingBP.upack)
[2022.12.15-07.55.38:395][  0]LogPakFile: OnPakFileMounted2Time == 0.000021
[2022.12.15-07.55.38:396][  0]LogPakFile: PakFile PrimaryIndexSize=188
[2022.12.15-07.55.38:396][  0]LogPakFile: PakFile PathHashIndexSize=101
[2022.12.15-07.55.38:396][  0]LogPakFile: PakFile FullDirectoryIndexSize=150
[2022.12.15-07.55.38:396][  0]LogShaderLibrary: Display: ShaderCodeLibraryPakFileMountedCallback: PakFile 'D:/UnrealEngine/UE_4.27/FeaturePacks/TP_SideScroller.upack' (chunk index -1, root 'root:/') mounted
[2022.12.15-07.55.38:396][  0]LogShaderLibrary: Display: ShaderCodeLibraryPakFileMountedCallback: pending pak file info (ChunkID:-1 Root:root:/ File:D:/UnrealEngine/UE_4.27/FeaturePacks/TP_SideScroller.upack)
[2022.12.15-07.55.38:396][  0]LogPakFile: OnPakFileMounted2Time == 0.000022
[2022.12.15-07.55.38:396][  0]LogPakFile: PakFile PrimaryIndexSize=190
[2022.12.15-07.55.38:396][  0]LogPakFile: PakFile PathHashIndexSize=101
[2022.12.15-07.55.38:396][  0]LogPakFile: PakFile FullDirectoryIndexSize=154
[2022.12.15-07.55.38:396][  0]LogShaderLibrary: Display: ShaderCodeLibraryPakFileMountedCallback: PakFile 'D:/UnrealEngine/UE_4.27/FeaturePacks/TP_SideScrollerBP.upack' (chunk index -1, root 'root:/') mounted
[2022.12.15-07.55.38:396][  0]LogShaderLibrary: Display: ShaderCodeLibraryPakFileMountedCallback: pending pak file info (ChunkID:-1 Root:root:/ File:D:/UnrealEngine/UE_4.27/FeaturePacks/TP_SideScrollerBP.upack)
[2022.12.15-07.55.38:396][  0]LogPakFile: OnPakFileMounted2Time == 0.000022
[2022.12.15-07.55.38:396][  0]LogPakFile: PakFile PrimaryIndexSize=187
[2022.12.15-07.55.38:396][  0]LogPakFile: PakFile PathHashIndexSize=101
[2022.12.15-07.55.38:396][  0]LogPakFile: PakFile FullDirectoryIndexSize=148
[2022.12.15-07.55.38:396][  0]LogShaderLibrary: Display: ShaderCodeLibraryPakFileMountedCallback: PakFile 'D:/UnrealEngine/UE_4.27/FeaturePacks/TP_ThirdPerson.upack' (chunk index -1, root 'root:/') mounted
[2022.12.15-07.55.38:396][  0]LogShaderLibrary: Display: ShaderCodeLibraryPakFileMountedCallback: pending pak file info (ChunkID:-1 Root:root:/ File:D:/UnrealEngine/UE_4.27/FeaturePacks/TP_ThirdPerson.upack)
[2022.12.15-07.55.38:396][  0]LogPakFile: OnPakFileMounted2Time == 0.000021
[2022.12.15-07.55.38:397][  0]LogPakFile: PakFile PrimaryIndexSize=189
[2022.12.15-07.55.38:397][  0]LogPakFile: PakFile PathHashIndexSize=101
[2022.12.15-07.55.38:397][  0]LogPakFile: PakFile FullDirectoryIndexSize=152
[2022.12.15-07.55.38:397][  0]LogShaderLibrary: Display: ShaderCodeLibraryPakFileMountedCallback: PakFile 'D:/UnrealEngine/UE_4.27/FeaturePacks/TP_ThirdPersonBP.upack' (chunk index -1, root 'root:/') mounted
[2022.12.15-07.55.38:397][  0]LogShaderLibrary: Display: ShaderCodeLibraryPakFileMountedCallback: pending pak file info (ChunkID:-1 Root:root:/ File:D:/UnrealEngine/UE_4.27/FeaturePacks/TP_ThirdPersonBP.upack)
[2022.12.15-07.55.38:397][  0]LogPakFile: OnPakFileMounted2Time == 0.000039
[2022.12.15-07.55.38:397][  0]LogPakFile: PakFile PrimaryIndexSize=183
[2022.12.15-07.55.38:397][  0]LogPakFile: PakFile PathHashIndexSize=101
[2022.12.15-07.55.38:397][  0]LogPakFile: PakFile FullDirectoryIndexSize=140
[2022.12.15-07.55.38:397][  0]LogShaderLibrary: Display: ShaderCodeLibraryPakFileMountedCallback: PakFile 'D:/UnrealEngine/UE_4.27/FeaturePacks/TP_TopDown.upack' (chunk index -1, root 'root:/') mounted
[2022.12.15-07.55.38:397][  0]LogShaderLibrary: Display: ShaderCodeLibraryPakFileMountedCallback: pending pak file info (ChunkID:-1 Root:root:/ File:D:/UnrealEngine/UE_4.27/FeaturePacks/TP_TopDown.upack)
[2022.12.15-07.55.38:397][  0]LogPakFile: OnPakFileMounted2Time == 0.000028
[2022.12.15-07.55.38:397][  0]LogPakFile: PakFile PrimaryIndexSize=185
[2022.12.15-07.55.38:397][  0]LogPakFile: PakFile PathHashIndexSize=101
[2022.12.15-07.55.38:397][  0]LogPakFile: PakFile FullDirectoryIndexSize=144
[2022.12.15-07.55.38:398][  0]LogShaderLibrary: Display: ShaderCodeLibraryPakFileMountedCallback: PakFile 'D:/UnrealEngine/UE_4.27/FeaturePacks/TP_TopDownBP.upack' (chunk index -1, root 'root:/') mounted
[2022.12.15-07.55.38:398][  0]LogShaderLibrary: Display: ShaderCodeLibraryPakFileMountedCallback: pending pak file info (ChunkID:-1 Root:root:/ File:D:/UnrealEngine/UE_4.27/FeaturePacks/TP_TopDownBP.upack)
[2022.12.15-07.55.38:398][  0]LogPakFile: OnPakFileMounted2Time == 0.000035
[2022.12.15-07.55.38:398][  0]LogPakFile: PakFile PrimaryIndexSize=185
[2022.12.15-07.55.38:398][  0]LogPakFile: PakFile PathHashIndexSize=101
[2022.12.15-07.55.38:398][  0]LogPakFile: PakFile FullDirectoryIndexSize=144
[2022.12.15-07.55.38:398][  0]LogShaderLibrary: Display: ShaderCodeLibraryPakFileMountedCallback: PakFile 'D:/UnrealEngine/UE_4.27/FeaturePacks/TP_TwinStick.upack' (chunk index -1, root 'root:/') mounted
[2022.12.15-07.55.38:398][  0]LogShaderLibrary: Display: ShaderCodeLibraryPakFileMountedCallback: pending pak file info (ChunkID:-1 Root:root:/ File:D:/UnrealEngine/UE_4.27/FeaturePacks/TP_TwinStick.upack)
[2022.12.15-07.55.38:398][  0]LogPakFile: OnPakFileMounted2Time == 0.000022
[2022.12.15-07.55.38:398][  0]LogPakFile: PakFile PrimaryIndexSize=187
[2022.12.15-07.55.38:398][  0]LogPakFile: PakFile PathHashIndexSize=101
[2022.12.15-07.55.38:398][  0]LogPakFile: PakFile FullDirectoryIndexSize=148
[2022.12.15-07.55.38:398][  0]LogShaderLibrary: Display: ShaderCodeLibraryPakFileMountedCallback: PakFile 'D:/UnrealEngine/UE_4.27/FeaturePacks/TP_TwinStickBP.upack' (chunk index -1, root 'root:/') mounted
[2022.12.15-07.55.38:398][  0]LogShaderLibrary: Display: ShaderCodeLibraryPakFileMountedCallback: pending pak file info (ChunkID:-1 Root:root:/ File:D:/UnrealEngine/UE_4.27/FeaturePacks/TP_TwinStickBP.upack)
[2022.12.15-07.55.38:398][  0]LogPakFile: OnPakFileMounted2Time == 0.000022
[2022.12.15-07.55.38:398][  0]LogPakFile: PakFile PrimaryIndexSize=183
[2022.12.15-07.55.38:398][  0]LogPakFile: PakFile PathHashIndexSize=101
[2022.12.15-07.55.38:399][  0]LogPakFile: PakFile FullDirectoryIndexSize=140
[2022.12.15-07.55.38:399][  0]LogShaderLibrary: Display: ShaderCodeLibraryPakFileMountedCallback: PakFile 'D:/UnrealEngine/UE_4.27/FeaturePacks/TP_Vehicle.upack' (chunk index -1, root 'root:/') mounted
[2022.12.15-07.55.38:399][  0]LogShaderLibrary: Display: ShaderCodeLibraryPakFileMountedCallback: pending pak file info (ChunkID:-1 Root:root:/ File:D:/UnrealEngine/UE_4.27/FeaturePacks/TP_Vehicle.upack)
[2022.12.15-07.55.38:399][  0]LogPakFile: OnPakFileMounted2Time == 0.000021
[2022.12.15-07.55.38:399][  0]LogPakFile: PakFile PrimaryIndexSize=186
[2022.12.15-07.55.38:399][  0]LogPakFile: PakFile PathHashIndexSize=101
[2022.12.15-07.55.38:399][  0]LogPakFile: PakFile FullDirectoryIndexSize=146
[2022.12.15-07.55.38:399][  0]LogShaderLibrary: Display: ShaderCodeLibraryPakFileMountedCallback: PakFile 'D:/UnrealEngine/UE_4.27/FeaturePacks/TP_VehicleAdv.upack' (chunk index -1, root 'root:/') mounted
[2022.12.15-07.55.38:399][  0]LogShaderLibrary: Display: ShaderCodeLibraryPakFileMountedCallback: pending pak file info (ChunkID:-1 Root:root:/ File:D:/UnrealEngine/UE_4.27/FeaturePacks/TP_VehicleAdv.upack)
[2022.12.15-07.55.38:399][  0]LogPakFile: OnPakFileMounted2Time == 0.000022
[2022.12.15-07.55.38:399][  0]LogPakFile: PakFile PrimaryIndexSize=188
[2022.12.15-07.55.38:399][  0]LogPakFile: PakFile PathHashIndexSize=101
[2022.12.15-07.55.38:399][  0]LogPakFile: PakFile FullDirectoryIndexSize=150
[2022.12.15-07.55.38:399][  0]LogShaderLibrary: Display: ShaderCodeLibraryPakFileMountedCallback: PakFile 'D:/UnrealEngine/UE_4.27/FeaturePacks/TP_VehicleAdvBP.upack' (chunk index -1, root 'root:/') mounted
[2022.12.15-07.55.38:399][  0]LogShaderLibrary: Display: ShaderCodeLibraryPakFileMountedCallback: pending pak file info (ChunkID:-1 Root:root:/ File:D:/UnrealEngine/UE_4.27/FeaturePacks/TP_VehicleAdvBP.upack)
[2022.12.15-07.55.38:399][  0]LogPakFile: OnPakFileMounted2Time == 0.000022
[2022.12.15-07.55.38:399][  0]LogPakFile: PakFile PrimaryIndexSize=185
[2022.12.15-07.55.38:400][  0]LogPakFile: PakFile PathHashIndexSize=101
[2022.12.15-07.55.38:400][  0]LogPakFile: PakFile FullDirectoryIndexSize=144
[2022.12.15-07.55.38:400][  0]LogShaderLibrary: Display: ShaderCodeLibraryPakFileMountedCallback: PakFile 'D:/UnrealEngine/UE_4.27/FeaturePacks/TP_VehicleBP.upack' (chunk index -1, root 'root:/') mounted
[2022.12.15-07.55.38:400][  0]LogShaderLibrary: Display: ShaderCodeLibraryPakFileMountedCallback: pending pak file info (ChunkID:-1 Root:root:/ File:D:/UnrealEngine/UE_4.27/FeaturePacks/TP_VehicleBP.upack)
[2022.12.15-07.55.38:400][  0]LogPakFile: OnPakFileMounted2Time == 0.000022
[2022.12.15-07.55.38:400][  0]LogPakFile: PakFile PrimaryIndexSize=192
[2022.12.15-07.55.38:400][  0]LogPakFile: PakFile PathHashIndexSize=101
[2022.12.15-07.55.38:400][  0]LogPakFile: PakFile FullDirectoryIndexSize=158
[2022.12.15-07.55.38:400][  0]LogShaderLibrary: Display: ShaderCodeLibraryPakFileMountedCallback: PakFile 'D:/UnrealEngine/UE_4.27/FeaturePacks/TP_VirtualRealityBP.upack' (chunk index -1, root 'root:/') mounted
[2022.12.15-07.55.38:400][  0]LogShaderLibrary: Display: ShaderCodeLibraryPakFileMountedCallback: pending pak file info (ChunkID:-1 Root:root:/ File:D:/UnrealEngine/UE_4.27/FeaturePacks/TP_VirtualRealityBP.upack)
[2022.12.15-07.55.38:400][  0]LogPakFile: OnPakFileMounted2Time == 0.000022
[2022.12.15-07.55.38:430][  0]LogNativeClassHierarchy: Verbose: Native class hierarchy updated for 'AddContentDialog' in 0.0003 seconds. Added 0 classes and 0 folders.
[2022.12.15-07.55.38:439][  0]LogNativeClassHierarchy: Verbose: Native class hierarchy updated for 'SceneOutliner' in 0.0003 seconds. Added 2 classes and 0 folders.
[2022.12.15-07.55.38:513][  0]LogSlate: Took 0.000185 seconds to synchronously load lazily loaded font '../../../Engine/Content/Slate/Fonts/Roboto-Regular.ttf' (155K)
[2022.12.15-07.55.38:515][  0]LogSlate: Took 0.000182 seconds to synchronously load lazily loaded font '../../../Engine/Content/Editor/Slate/Fonts/FontAwesome.ttf' (139K)
[2022.12.15-07.55.38:515][  0]LogSlate: Took 0.000106 seconds to synchronously load lazily loaded font '../../../Engine/Content/Slate/Fonts/Roboto-Bold.ttf' (160K)
[2022.12.15-07.55.38:567][  0]LogRenderer: Reallocating scene render targets to support 1276x572 Format 10 NumSamples 1 (Frame:1).
[2022.12.15-07.55.38:888][  0]LogSlate: Took 0.000165 seconds to synchronously load lazily loaded font '../../../Engine/Content/Slate/Fonts/Roboto-Light.ttf' (167K)
[2022.12.15-07.55.39:005][  0]LogNativeClassHierarchy: Verbose: Native class hierarchy updated for 'HierarchicalLODOutliner' in 0.0003 seconds. Added 0 classes and 0 folders.
[2022.12.15-07.55.39:005][  0]LogInput: Warning: Action Jump uses invalid key OculusGo_Left_Trigger_Click.
[2022.12.15-07.55.39:005][  0]LogInput: Warning: Action ResetVR uses invalid key OculusGo_Left_Trackpad_Click.
[2022.12.15-07.55.39:005][  0]LogInput: Warning: Use -RemoveInvalidKeys to remove instances of these keys from the action mapping.
[2022.12.15-07.55.39:005][  0]LogLoad: (Engine Initialization) Total time: 15.74 seconds
[2022.12.15-07.55.39:005][  0]LogLoad: (Engine Initialization) Total Blueprint compile time: 0.00 seconds
[2022.12.15-07.55.39:107][  0]LogAssetRegistry: Asset discovery search completed in 10.9063 seconds
[2022.12.15-07.55.39:111][  0]LogCollectionManager: Fixed up redirectors for 0 collections in 0.000003 seconds (updated 0 objects)
[2022.12.15-07.55.39:111][  0]LogContentStreaming: Texture pool size now 1000 MB
[2022.12.15-07.55.40:566][ 97]LogTemp: Repeating last play command: Selected Viewport
[2022.12.15-07.55.40:570][ 97]LogPlayLevel: PlayLevel: No blueprints needed recompiling
[2022.12.15-07.55.40:570][ 97]PIE: New page: PIE session: ThirdPersonExampleMap (Dec 15, 2022, 9:55:40 PM)
[2022.12.15-07.55.40:571][ 97]LogOnline: OSS: Creating online subsystem instance for: NULL
[2022.12.15-07.55.40:572][ 97]LogOnline: OSS: TryLoadSubsystemAndSetDefault: Loaded subsystem for module [NULL]
[2022.12.15-07.55.40:572][ 97]LogPlayLevel: Creating play world package: /Game/ThirdPersonBP/Maps/UEDPIE_0_ThirdPersonExampleMap
[2022.12.15-07.55.40:584][ 97]LogPlayLevel: PIE: StaticDuplicateObject took: (0.011505s)
[2022.12.15-07.55.40:584][ 97]LogAIModule: Creating AISystem for world ThirdPersonExampleMap
[2022.12.15-07.55.40:585][ 97]LogPlayLevel: PIE: World Init took: (0.000861s)
[2022.12.15-07.55.40:585][ 97]LogPlayLevel: PIE: Created PIE world by copying editor world from /Game/ThirdPersonBP/Maps/ThirdPersonExampleMap.ThirdPersonExampleMap to /Game/ThirdPersonBP/Maps/UEDPIE_0_ThirdPersonExampleMap.ThirdPersonExampleMap (0.012476s)
[2022.12.15-07.55.40:591][ 97]LogUObjectHash: Compacting FUObjectHashTables data took   0.63ms
[2022.12.15-07.55.40:592][ 97]LogAudio: Display: Creating Audio Device:                 Id: 2, Scope: Unique, Realtime: True
[2022.12.15-07.55.40:592][ 97]LogAudioMixer: Display: Audio Mixer Platform Settings:
[2022.12.15-07.55.40:592][ 97]LogAudioMixer: Display: 	Sample Rate:						  48000
[2022.12.15-07.55.40:592][ 97]LogAudioMixer: Display: 	Callback Buffer Frame Size Requested: 1024
[2022.12.15-07.55.40:592][ 97]LogAudioMixer: Display: 	Callback Buffer Frame Size To Use:	  1024
[2022.12.15-07.55.40:592][ 97]LogAudioMixer: Display: 	Number of buffers to queue:			  2
[2022.12.15-07.55.40:592][ 97]LogAudioMixer: Display: 	Max Channels (voices):				  32
[2022.12.15-07.55.40:592][ 97]LogAudioMixer: Display: 	Number of Async Source Workers:		  0
[2022.12.15-07.55.40:592][ 97]LogAudio: Display: AudioDevice MaxSources: 32
[2022.12.15-07.55.40:592][ 97]LogAudio: Display: Audio Spatialization Plugin: None (built-in).
[2022.12.15-07.55.40:592][ 97]LogAudio: Display: Audio Reverb Plugin: None (built-in).
[2022.12.15-07.55.40:592][ 97]LogAudio: Display: Audio Occlusion Plugin: None (built-in).
[2022.12.15-07.55.40:592][ 97]LogAudioMixer: Display: Initializing audio mixer.
[2022.12.15-07.55.40:595][ 97]LogAudioMixer: Display: 0: FrontLeft
[2022.12.15-07.55.40:595][ 97]LogAudioMixer: Display: 1: FrontRight
[2022.12.15-07.55.40:613][ 97]LogAudioMixer: Display: Using Audio Device Speakers (Realtek(R) Audio)
[2022.12.15-07.55.40:613][ 97]LogAudioMixer: Display: Initializing Sound Submixes...
[2022.12.15-07.55.40:613][ 97]LogAudioMixer: Display: Creating Master Submix 'MasterSubmixDefault'
[2022.12.15-07.55.40:613][ 97]LogAudioMixer: Display: Creating Master Submix 'MasterReverbSubmixDefault'
[2022.12.15-07.55.40:613][ 97]LogAudioMixer: Display: Creating Master Submix 'MasterEQSubmixDefault'
[2022.12.15-07.55.40:613][ 97]LogAudioMixer: FMixerPlatformXAudio2::StartAudioStream() called
[2022.12.15-07.55.40:613][ 97]LogAudioMixer: Display: Output buffers initialized: Frames=1024, Channels=2, Samples=2048
[2022.12.15-07.55.40:615][ 97]LogAudioMixer: Display: Starting AudioMixerPlatformInterface::RunInternal()
[2022.12.15-07.55.40:615][ 97]LogAudioMixer: Display: FMixerPlatformXAudio2::SubmitBuffer() called for the first time
[2022.12.15-07.55.40:615][ 97]LogInit: FAudioDevice initialized.
[2022.12.15-07.55.40:615][ 97]LogAudio: Display: Audio Device (ID: 2) registered with world 'ThirdPersonExampleMap'.
[2022.12.15-07.55.40:625][ 97]LogLoad: Game class is 'ThirdPersonGameMode_C'
[2022.12.15-07.55.40:627][ 97]LogWorld: Bringing World /Game/ThirdPersonBP/Maps/UEDPIE_0_ThirdPersonExampleMap.ThirdPersonExampleMap up for play (max tick rate 0) at 2022.12.15-14.55.40
[2022.12.15-07.55.40:628][ 97]LogWorld: Bringing up level for play took: 0.002213
[2022.12.15-07.55.40:628][ 97]LogOnline: OSS: Creating online subsystem instance for: :Context_2
[2022.12.15-07.55.40:722][ 97]LogNativeClassHierarchy: Verbose: Native class hierarchy updated for 'MovieSceneCapture' in 0.0004 seconds. Added 20 classes and 0 folders.
[2022.12.15-07.55.40:722][ 97]PIE: Server logged in
[2022.12.15-07.55.40:723][ 97]PIE: Play in editor total start time 0.154 seconds.
[2022.12.15-07.55.47:426][856]LogSlate: Updating window title bar state: overlay mode, drag disabled, window buttons hidden, title bar hidden
[2022.12.15-07.55.47:426][856]LogWorld: BeginTearingDown for /Game/ThirdPersonBP/Maps/UEDPIE_0_ThirdPersonExampleMap
[2022.12.15-07.55.47:426][856]LogWorld: UWorld::CleanupWorld for ThirdPersonExampleMap, bSessionEnded=true, bCleanupResources=true
[2022.12.15-07.55.47:426][856]LogSlate: InvalidateAllWidgets triggered.  All widgets were invalidated
[2022.12.15-07.55.47:436][856]LogPlayLevel: Display: Shutting down PIE online subsystems
[2022.12.15-07.55.47:437][856]LogSlate: InvalidateAllWidgets triggered.  All widgets were invalidated
[2022.12.15-07.55.47:440][856]LogAudio: Display: Audio Device unregistered from world 'None'.
[2022.12.15-07.55.47:441][856]LogAudioMixer: FMixerPlatformXAudio2::StopAudioStream() called
[2022.12.15-07.55.47:441][856]LogAudioMixer: FMixerPlatformXAudio2::StopAudioStream() called
[2022.12.15-07.55.47:443][856]LogSlate: Updating window title bar state: overlay mode, drag disabled, window buttons hidden, title bar hidden
[2022.12.15-07.55.47:444][856]LogUObjectHash: Compacting FUObjectHashTables data took   0.65ms
[2022.12.15-07.55.47:503][861]LogPlayLevel: Display: Destroying online subsystem :Context_2
